CheckExtern.dfy(20,13): Warning: The requires clause at this location cannot be compiled to be tested at runtime because it references ghost state.
CheckExtern.dfy(22,12): Warning: The ensures clause at this location cannot be compiled to be tested at runtime because it references ghost state.
TestedExterns.dfy(10,17): Warning: No :test code calls NotCalled

Dafny program verifier did not attempt verification
FooTest: FAILED
	CheckExtern.dfy(3,10): Runtime failure of ensures clause from CheckExtern.dfy:3:13
BarTest: FAILED
	CheckExtern.dfy(21,10): Runtime failure of ensures clause from CheckExtern.dfy:21:13
BazTest: PASSED
[Program halted] TestedExterns.dfy(10,17): Test failures occurred: see above.

