<?xml version="1.0" encoding="utf-8"?>
<TestRun id="bd00d50c-9921-460e-ab22-e2fa8f7e220f" name="@3c22fbe526e6 2022-05-25 13:08:03" xmlns="http://microsoft.com/schemas/VisualStudio/TeamTest/2010">
  <Times creation="2022-05-25T13:08:03.7047060+02:00" queuing="2022-05-25T13:08:03.7047060+02:00" start="2022-05-25T13:07:56.9435340+02:00" finish="2022-05-25T13:10:05.6439300+02:00" />
  <TestSettings name="default" id="fbcc36b6-75ff-43d6-992c-2028e55ea4d4">
    <Deployment runDeploymentRoot="_3c22fbe526e6_2022-05-25_13_08_03" />
  </TestSettings>
  <Results>
    <UnitTestResult executionId="83d85c77-b4a9-4835-ab6d-b6ede15fd686" testId="1607ca5e-ee16-4e87-9c81-0142b0a5a24e" testName="MigrationMovesLinesOfSymbolsAfterWhenChangingInTheMiddle" computerName="3c22fbe526e6" duration="00:00:00.2504253" startTime="2022-05-25T13:08:54.1972760+02:00" endTime="2022-05-25T13:08:54.4478060+02:00" testType="13cdc9d9-ddb5-4fa4-a97d-d965ccfc6d4b" outcome="Passed" testListId="8c84fa94-04c1-424b-9868-57a2d4851a1d" relativeResultsDirectory="83d85c77-b4a9-4835-ab6d-b6ede15fd686" />
    <UnitTestResult executionId="5a124e04-00af-4b6a-8618-94dbfd578fa1" testId="2e8a492d-57d1-4b72-9ac2-46e40ac5e349" testName="StatusesOfDifferentImplementationUnderOneNamedVerifiableAreCorrectlyMerged" computerName="3c22fbe526e6" duration="00:00:00.3838633" startTime="2022-05-25T13:09:39.0842780+02:00" endTime="2022-05-25T13:09:39.4685560+02:00" testType="13cdc9d9-ddb5-4fa4-a97d-d965ccfc6d4b" outcome="Passed" testListId="8c84fa94-04c1-424b-9868-57a2d4851a1d" relativeResultsDirectory="5a124e04-00af-4b6a-8618-94dbfd578fa1" />
    <UnitTestResult executionId="8d892703-30ff-4302-99bb-75ccd3216352" testId="81c8a9de-dc60-4134-ba71-4334ca267b05" testName="ChangeToDocumentWithVerificationErrorsUsesDafnyResolver" computerName="3c22fbe526e6" duration="00:00:00.2662726" startTime="2022-05-25T13:09:32.5132930+02:00" endTime="2022-05-25T13:09:32.7796700+02:00" testType="13cdc9d9-ddb5-4fa4-a97d-d965ccfc6d4b" outcome="Passed" testListId="8c84fa94-04c1-424b-9868-57a2d4851a1d" relativeResultsDirectory="8d892703-30ff-4302-99bb-75ccd3216352" />
    <UnitTestResult executionId="0efde5af-03f2-4d0d-8c0a-627077c38282" testId="c47240b4-bfa1-487a-a7d6-0fd8e660bb62" testName="CompleteOnNothingReturnsEmptyList" computerName="3c22fbe526e6" duration="00:00:00.2446152" startTime="2022-05-25T13:10:03.6764160+02:00" endTime="2022-05-25T13:10:03.9211280+02:00" testType="13cdc9d9-ddb5-4fa4-a97d-d965ccfc6d4b" outcome="Passed" testListId="8c84fa94-04c1-424b-9868-57a2d4851a1d" relativeResultsDirectory="0efde5af-03f2-4d0d-8c0a-627077c38282" />
    <UnitTestResult executionId="ac8ddeb1-5e1a-455a-9769-13def108bef4" testId="ae8e49e5-eab8-495f-8115-45629b4dd411" testName="BitVectorField" computerName="3c22fbe526e6" duration="00:00:00.3177930" startTime="2022-05-25T13:08:28.9171770+02:00" endTime="2022-05-25T13:08:29.2351520+02:00" testType="13cdc9d9-ddb5-4fa4-a97d-d965ccfc6d4b" outcome="Passed" testListId="8c84fa94-04c1-424b-9868-57a2d4851a1d" relativeResultsDirectory="ac8ddeb1-5e1a-455a-9769-13def108bef4" />
    <UnitTestResult executionId="82e813a1-7009-4cec-9087-e625b67aa60a" testId="99eb917a-9d2d-4ec3-91c9-bcf0ad226c2a" testName="MapsCreation" computerName="3c22fbe526e6" duration="00:00:00.3537609" startTime="2022-05-25T13:08:35.0457420+02:00" endTime="2022-05-25T13:08:35.3997390+02:00" testType="13cdc9d9-ddb5-4fa4-a97d-d965ccfc6d4b" outcome="Passed" testListId="8c84fa94-04c1-424b-9868-57a2d4851a1d" relativeResultsDirectory="82e813a1-7009-4cec-9087-e625b67aa60a" />
    <UnitTestResult executionId="6584d796-11f5-48aa-be7a-d8c4d01edd9c" testId="f8279214-98ce-47eb-a786-e0eb0f498661" testName="OpeningFlawlessDocumentWithGhostMarkStatementsMarksGhostVariableDeclarations" computerName="3c22fbe526e6" duration="00:00:00.4162602" startTime="2022-05-25T13:09:24.1117930+02:00" endTime="2022-05-25T13:09:24.5282060+02:00" testType="13cdc9d9-ddb5-4fa4-a97d-d965ccfc6d4b" outcome="Passed" testListId="8c84fa94-04c1-424b-9868-57a2d4851a1d" relativeResultsDirectory="6584d796-11f5-48aa-be7a-d8c4d01edd9c" />
    <UnitTestResult executionId="12b7982e-b4d1-4710-a89e-d3ae798c661f" testId="3c16a276-f978-4e61-9cdd-2c46de022e30" testName="VerificationErrorDetectedAfterCanceledSave" computerName="3c22fbe526e6" duration="00:00:00.7749546" startTime="2022-05-25T13:08:12.9195450+02:00" endTime="2022-05-25T13:08:13.6951150+02:00" testType="13cdc9d9-ddb5-4fa4-a97d-d965ccfc6d4b" outcome="Passed" testListId="8c84fa94-04c1-424b-9868-57a2d4851a1d" relativeResultsDirectory="12b7982e-b4d1-4710-a89e-d3ae798c661f" />
    <UnitTestResult executionId="af6b3995-c7d8-444a-9b99-a491b2f01b92" testId="e2341b9a-599d-4006-ad24-16f5fe4ef824" testName="VariableNameShadowing" computerName="3c22fbe526e6" duration="00:00:00.4300020" startTime="2022-05-25T13:08:34.6155000+02:00" endTime="2022-05-25T13:08:35.0456920+02:00" testType="13cdc9d9-ddb5-4fa4-a97d-d965ccfc6d4b" outcome="Passed" testListId="8c84fa94-04c1-424b-9868-57a2d4851a1d" relativeResultsDirectory="af6b3995-c7d8-444a-9b99-a491b2f01b92" />
    <UnitTestResult executionId="dc4376f2-b493-4b6f-b28f-02ead7501800" testId="33ae9d6a-91cb-4fb8-b560-2f748249ec08" testName="DocumentWithOnlyCodedVerifierTimeoutSendsCompilationSucceededVerificationStartedAndVerificationFailedStatuses" computerName="3c22fbe526e6" duration="00:00:03.3261168" startTime="2022-05-25T13:08:04.8768760+02:00" endTime="2022-05-25T13:08:08.2032670+02:00" testType="13cdc9d9-ddb5-4fa4-a97d-d965ccfc6d4b" outcome="Passed" testListId="8c84fa94-04c1-424b-9868-57a2d4851a1d" relativeResultsDirectory="dc4376f2-b493-4b6f-b28f-02ead7501800" />
    <UnitTestResult executionId="2dc42d28-d154-4439-a69e-9628b6ebf7da" testId="54465abd-b488-4b2a-b16e-cb445bebe153" testName="SignatureHelpForUnloadedDocumentReturnsNull" computerName="3c22fbe526e6" duration="00:00:00.2850526" startTime="2022-05-25T13:09:52.8607950+02:00" endTime="2022-05-25T13:09:53.1461690+02:00" testType="13cdc9d9-ddb5-4fa4-a97d-d965ccfc6d4b" outcome="Passed" testListId="8c84fa94-04c1-424b-9868-57a2d4851a1d" relativeResultsDirectory="2dc42d28-d154-4439-a69e-9628b6ebf7da">
      <Output>
        <StdOut>\u001b[40m\u001b[1m\u001b[33mwarn\u001b[39m\u001b[22m\u001b[49m: Microsoft.Dafny.LanguageServer.Handlers.DafnySignatureHelpHandler[0]
      location requested for unloaded document file:///testFile261.dfy</StdOut>
      </Output>
    </UnitTestResult>
    <UnitTestResult executionId="b8f32c1e-730b-4ccd-9c22-73bebadfd484" testId="a3472ab3-89dd-4af8-bd22-486c22f496c4" testName="OpeningDocumentThatIncludesNonExistentDocumentReportsParserErrorAtInclude" computerName="3c22fbe526e6" duration="00:00:00.1823674" startTime="2022-05-25T13:09:02.3371540+02:00" endTime="2022-05-25T13:09:02.5196410+02:00" testType="13cdc9d9-ddb5-4fa4-a97d-d965ccfc6d4b" outcome="Passed" testListId="8c84fa94-04c1-424b-9868-57a2d4851a1d" relativeResultsDirectory="b8f32c1e-730b-4ccd-9c22-73bebadfd484" />
    <UnitTestResult executionId="ea3fb25c-2ba6-49e9-b473-5d3db9e72046" testId="94ace17b-1055-45be-b028-4c24367d4843" testName="LanguageServerShutsDownIfParentDies" computerName="3c22fbe526e6" duration="00:00:01.7433472" startTime="2022-05-25T13:08:47.2571550+02:00" endTime="2022-05-25T13:08:49.0007400+02:00" testType="13cdc9d9-ddb5-4fa4-a97d-d965ccfc6d4b" outcome="Passed" testListId="8c84fa94-04c1-424b-9868-57a2d4851a1d" relativeResultsDirectory="ea3fb25c-2ba6-49e9-b473-5d3db9e72046" />
    <UnitTestResult executionId="9a8b9f06-2b10-47a3-807b-0d122b3c28fd" testId="14db2353-e193-4596-bb33-81421a40f89f" testName="DocumentIsUnloadedWhenClosed" computerName="3c22fbe526e6" duration="00:00:00.6112358" startTime="2022-05-25T13:08:51.2569250+02:00" endTime="2022-05-25T13:08:51.8683960+02:00" testType="13cdc9d9-ddb5-4fa4-a97d-d965ccfc6d4b" outcome="Passed" testListId="8c84fa94-04c1-424b-9868-57a2d4851a1d" relativeResultsDirectory="9a8b9f06-2b10-47a3-807b-0d122b3c28fd">
      <Output>
        <StdOut>\u001b[40m\u001b[1m\u001b[33mwarn\u001b[39m\u001b[22m\u001b[49m: Microsoft.Dafny.LanguageServer.Handlers.DafnyHoverHandler[0]
      the document file:///testFile80.dfy is not loaded</StdOut>
      </Output>
    </UnitTestResult>
    <UnitTestResult executionId="d00e34cd-63e4-4de7-85ba-4c4ef827fc0a" testId="efcb8e0e-824a-44e5-aa22-51155a13e7f7" testName="SetSingleElement" computerName="3c22fbe526e6" duration="00:00:00.3064710" startTime="2022-05-25T13:08:31.6523580+02:00" endTime="2022-05-25T13:08:31.9590510+02:00" testType="13cdc9d9-ddb5-4fa4-a97d-d965ccfc6d4b" outcome="Passed" testListId="8c84fa94-04c1-424b-9868-57a2d4851a1d" relativeResultsDirectory="d00e34cd-63e4-4de7-85ba-4c4ef827fc0a" />
    <UnitTestResult executionId="b43ba8d6-bc12-47aa-a94e-b9e34f4082ae" testId="4517ac55-f468-45f2-8cd0-767ef02b6160" testName="VerificationErrorsOfDocumentAreCaptured" computerName="3c22fbe526e6" duration="00:00:00.2959798" startTime="2022-05-25T13:09:28.4723170+02:00" endTime="2022-05-25T13:09:28.7684130+02:00" testType="13cdc9d9-ddb5-4fa4-a97d-d965ccfc6d4b" outcome="Passed" testListId="8c84fa94-04c1-424b-9868-57a2d4851a1d" relativeResultsDirectory="b43ba8d6-bc12-47aa-a94e-b9e34f4082ae" />
    <UnitTestResult executionId="b9d13807-09cc-4880-919c-e80bd95670ff" testId="4f827407-98b3-4f07-978b-07c31dd7e0f0" testName="HoveringExistsBoundVarReturnsBoundVarInferredType" computerName="3c22fbe526e6" duration="00:00:00.3098971" startTime="2022-05-25T13:09:49.7530950+02:00" endTime="2022-05-25T13:09:50.0631900+02:00" testType="13cdc9d9-ddb5-4fa4-a97d-d965ccfc6d4b" outcome="Passed" testListId="8c84fa94-04c1-424b-9868-57a2d4851a1d" relativeResultsDirectory="b9d13807-09cc-4880-919c-e80bd95670ff" />
    <UnitTestResult executionId="eced030d-61a8-45d7-b877-e5eec6a4d32d" testId="de56af95-0e0d-402e-b839-75a2ece38cca" testName="AllTypesOfNamedVerifiablesAreIdentified" computerName="3c22fbe526e6" duration="00:00:00.3212826" startTime="2022-05-25T13:09:39.4686370+02:00" endTime="2022-05-25T13:09:39.7900450+02:00" testType="13cdc9d9-ddb5-4fa4-a97d-d965ccfc6d4b" outcome="Passed" testListId="8c84fa94-04c1-424b-9868-57a2d4851a1d" relativeResultsDirectory="eced030d-61a8-45d7-b877-e5eec6a4d32d">
      <Output>
        <StdOut>\u001b[41m\u001b[30mfail\u001b[39m\u001b[22m\u001b[49m: Microsoft.Dafny.LanguageServer.Handlers.DafnyTextDocumentHandler[0]
      error while handling document event
      System.ArgumentException: An element with the same key but a different value already exists. Key: '(line: 33, char: 9)'
         at System.Collections.Immutable.ImmutableDictionary`2.HashBucket.Add(TKey key, TValue value, IEqualityComparer`1 keyOnlyComparer, IEqualityComparer`1 valueComparer, KeyCollisionBehavior behavior, OperationResult&amp; result)
         at System.Collections.Immutable.ImmutableDictionary`2.AddRange(IEnumerable`1 items, MutationInput origin, KeyCollisionBehavior collisionBehavior)
         at System.Collections.Immutable.ImmutableDictionary`2.AddRange(IEnumerable`1 pairs, Boolean avoidToHashMap)
         at Microsoft.Dafny.LanguageServer.Workspace.VerificationProgressReporter.ReportImplementationsBeforeVerification(Implementation[] implementations) in /Users/rwillems/Documents/SourceCode/dafny/Source/DafnyLanguageServer/Workspace/VerificationProgressReporter.cs:line 151
         at Microsoft.Dafny.LanguageServer.Workspace.TextDocumentLoader.Verify(DafnyDocument document, CancellationToken cancellationToken) in /Users/rwillems/Documents/SourceCode/dafny/Source/DafnyLanguageServer/Workspace/TextDocumentLoader.cs:line 191
         at Microsoft.Dafny.LanguageServer.Workspace.DocumentDatabase.&lt;&gt;c__DisplayClass18_0.&lt;Verify&gt;b__0(Task`1 task) in /Users/rwillems/Documents/SourceCode/dafny/Source/DafnyLanguageServer/Workspace/DocumentDatabase.cs:line 121
         at System.Threading.Tasks.ContinuationResultTaskFromResultTask`2.InnerInvoke()
         at System.Threading.ExecutionContext.RunFromThreadPoolDispatchLoop(Thread threadPoolThread, ExecutionContext executionContext, ContextCallback callback, Object state)
      --- End of stack trace from previous location ---
         at System.Threading.Tasks.Task.ExecuteWithThreadLocal(Task&amp; currentTaskSlot, Thread threadPoolThread)
      --- End of stack trace from previous location ---
         at System.Reactive.AnonymousSafeObserver`1.OnError(Exception error) in /_/Rx.NET/Source/src/System.Reactive/AnonymousSafeObserver.cs:line 65
         at System.Reactive.Sink`1.ForwardOnError(Exception error) in /_/Rx.NET/Source/src/System.Reactive/Internal/Sink.cs:line 61
         at System.Reactive.Sink`1.ForwardOnError(Exception error) in /_/Rx.NET/Source/src/System.Reactive/Internal/Sink.cs:line 61
         at System.Reactive.Linq.ObservableImpl.Merge`1.Observables._.OnError(Exception error) in /_/Rx.NET/Source/src/System.Reactive/Linq/Observable/Merge.cs:line 186
         at System.Reactive.Threading.Tasks.TaskObservableExtensions.EmitTaskResult[TResult](Task`1 task, IObserver`1 subject) in /_/Rx.NET/Source/src/System.Reactive/Threading/Tasks/TaskObservableExtensions.cs:line 259
         at System.Threading.ExecutionContext.RunFromThreadPoolDispatchLoop(Thread threadPoolThread, ExecutionContext executionContext, ContextCallback callback, Object state)
      --- End of stack trace from previous location ---
         at System.Threading.Tasks.Task.ExecuteWithThreadLocal(Task&amp; currentTaskSlot, Thread threadPoolThread)</StdOut>
      </Output>
    </UnitTestResult>
    <UnitTestResult executionId="6f6883f8-de3f-4f55-9e14-6d0436e56f57" testId="b5e8ef23-cfff-4c59-aa11-ec5f09ea0651" testName="EnsuresPriorityDependsOnEditing" computerName="3c22fbe526e6" duration="00:00:00.5217737" startTime="2022-05-25T13:09:55.3731150+02:00" endTime="2022-05-25T13:09:55.8951070+02:00" testType="13cdc9d9-ddb5-4fa4-a97d-d965ccfc6d4b" outcome="Passed" testListId="8c84fa94-04c1-424b-9868-57a2d4851a1d" relativeResultsDirectory="6f6883f8-de3f-4f55-9e14-6d0436e56f57" />
    <UnitTestResult executionId="026f8613-9c0f-4528-a452-72f7e656605a" testId="f6af42ec-38a1-49da-b269-2f37f99e313e" testName="InsertSingleLineTextInTheMiddleOfALine" computerName="3c22fbe526e6" duration="00:00:00.2729408" startTime="2022-05-25T13:09:33.6571070+02:00" endTime="2022-05-25T13:09:33.9301750+02:00" testType="13cdc9d9-ddb5-4fa4-a97d-d965ccfc6d4b" outcome="Passed" testListId="8c84fa94-04c1-424b-9868-57a2d4851a1d" relativeResultsDirectory="026f8613-9c0f-4528-a452-72f7e656605a" />
    <UnitTestResult executionId="05c78953-7d39-404f-a259-81e6979dcf50" testId="546cdfb2-3c49-4ac1-a7a5-b64e975381e7" testName="DocumentWithNoValidTokensCanBeOpened" computerName="3c22fbe526e6" duration="00:00:00.1781101" startTime="2022-05-25T13:09:29.3283950+02:00" endTime="2022-05-25T13:09:29.5065920+02:00" testType="13cdc9d9-ddb5-4fa4-a97d-d965ccfc6d4b" outcome="Passed" testListId="8c84fa94-04c1-424b-9868-57a2d4851a1d" relativeResultsDirectory="05c78953-7d39-404f-a259-81e6979dcf50" />
    <UnitTestResult executionId="93acf8d7-42bb-40d1-8c23-316f3478776e" testId="2ce98b1c-9fba-400e-b172-435e8a9b7466" testName="DefinitionOfFieldOfSystemTypeReturnsNoLocation" computerName="3c22fbe526e6" duration="00:00:00.2382788" startTime="2022-05-25T13:09:41.5639440+02:00" endTime="2022-05-25T13:09:41.8023740+02:00" testType="13cdc9d9-ddb5-4fa4-a97d-d965ccfc6d4b" outcome="Passed" testListId="8c84fa94-04c1-424b-9868-57a2d4851a1d" relativeResultsDirectory="93acf8d7-42bb-40d1-8c23-316f3478776e" />
    <UnitTestResult executionId="63d1d33c-2114-4a36-baa2-c39c3b459063" testId="ca00b6eb-f7cf-4e05-b9cb-86f31e085378" testName="ChangingCorrectDocumentToOneWithSyntaxErrorsReportsTheSyntaxErrorsIfNotVerifyOnChange" computerName="3c22fbe526e6" duration="00:00:00.4820977" startTime="2022-05-25T13:09:00.4002510+02:00" endTime="2022-05-25T13:09:00.8824660+02:00" testType="13cdc9d9-ddb5-4fa4-a97d-d965ccfc6d4b" outcome="Passed" testListId="8c84fa94-04c1-424b-9868-57a2d4851a1d" relativeResultsDirectory="63d1d33c-2114-4a36-baa2-c39c3b459063" />
    <UnitTestResult executionId="9620e3c0-7f97-4c7e-b22b-2c32179aec80" testId="0eb9434e-7aa5-4014-8d25-9d078214a413" testName="SelfReferringObject" computerName="3c22fbe526e6" duration="00:00:00.3276639" startTime="2022-05-25T13:08:21.8800740+02:00" endTime="2022-05-25T13:08:22.2079390+02:00" testType="13cdc9d9-ddb5-4fa4-a97d-d965ccfc6d4b" outcome="Passed" testListId="8c84fa94-04c1-424b-9868-57a2d4851a1d" relativeResultsDirectory="9620e3c0-7f97-4c7e-b22b-2c32179aec80" />
    <UnitTestResult executionId="fac7cedc-8dfa-429f-8f00-91025f124bb3" testId="f9aa0d29-e43c-4d21-a8fc-bbb554ab36c6" testName="OpeningDocumentWithFailedCallUnderlinesAllOfIt" computerName="3c22fbe526e6" duration="00:00:00.3895577" startTime="2022-05-25T13:09:09.7480650+02:00" endTime="2022-05-25T13:09:10.1378070+02:00" testType="13cdc9d9-ddb5-4fa4-a97d-d965ccfc6d4b" outcome="Passed" testListId="8c84fa94-04c1-424b-9868-57a2d4851a1d" relativeResultsDirectory="fac7cedc-8dfa-429f-8f00-91025f124bb3" />
    <UnitTestResult executionId="79c2244e-d3f1-4508-87b3-0de1498afa23" testId="535a66fe-8b8b-46b2-8eb3-4e3a2ed2373d" testName="ModuleRenameDoesNotAffectMigration" computerName="3c22fbe526e6" duration="00:00:00.3810536" startTime="2022-05-25T13:09:22.7789890+02:00" endTime="2022-05-25T13:09:23.1601900+02:00" testType="13cdc9d9-ddb5-4fa4-a97d-d965ccfc6d4b" outcome="Passed" testListId="8c84fa94-04c1-424b-9868-57a2d4851a1d" relativeResultsDirectory="79c2244e-d3f1-4508-87b3-0de1498afa23" />
    <UnitTestResult executionId="505eeeef-e4a0-437c-821d-61e4c17cc558" testId="368e4e93-1268-4535-a19a-2a7e5a87c349" testName="FileWithMethodWithoutErrorsReturnsEmptyCounterExampleList" computerName="3c22fbe526e6" duration="00:00:00.2683828" startTime="2022-05-25T13:08:20.0330810+02:00" endTime="2022-05-25T13:08:20.3016940+02:00" testType="13cdc9d9-ddb5-4fa4-a97d-d965ccfc6d4b" outcome="Passed" testListId="8c84fa94-04c1-424b-9868-57a2d4851a1d" relativeResultsDirectory="505eeeef-e4a0-437c-821d-61e4c17cc558" />
    <UnitTestResult executionId="62fe72cb-689b-4f44-be69-5f71ad1d770f" testId="dd4dc4ef-d3b1-4351-8a37-07455b884ff2" testName="ObjectWithANullField" computerName="3c22fbe526e6" duration="00:00:00.3121981" startTime="2022-05-25T13:08:22.5122190+02:00" endTime="2022-05-25T13:08:22.8245930+02:00" testType="13cdc9d9-ddb5-4fa4-a97d-d965ccfc6d4b" outcome="Passed" testListId="8c84fa94-04c1-424b-9868-57a2d4851a1d" relativeResultsDirectory="62fe72cb-689b-4f44-be69-5f71ad1d770f" />
    <UnitTestResult executionId="aaa71ea9-f241-4980-be3d-ee458dd70c79" testId="7d0e89b0-e722-43d1-b975-71dd065638be" testName="ObjectWithANonNullField" computerName="3c22fbe526e6" duration="00:00:00.3039114" startTime="2022-05-25T13:08:22.2080450+02:00" endTime="2022-05-25T13:08:22.5121300+02:00" testType="13cdc9d9-ddb5-4fa4-a97d-d965ccfc6d4b" outcome="Passed" testListId="8c84fa94-04c1-424b-9868-57a2d4851a1d" relativeResultsDirectory="aaa71ea9-f241-4980-be3d-ee458dd70c79" />
    <UnitTestResult executionId="f1455101-efa2-4e4e-aada-ab04af6921c0" testId="03695695-5bc7-422a-90f2-a51203578d2a" testName="DocumentStaysUnloadedWhenClosed" computerName="3c22fbe526e6" duration="00:00:01.7744640" startTime="2022-05-25T13:08:51.8684440+02:00" endTime="2022-05-25T13:08:53.6430430+02:00" testType="13cdc9d9-ddb5-4fa4-a97d-d965ccfc6d4b" outcome="Passed" testListId="8c84fa94-04c1-424b-9868-57a2d4851a1d" relativeResultsDirectory="f1455101-efa2-4e4e-aada-ab04af6921c0">
      <Output>
        <StdOut>\u001b[40m\u001b[1m\u001b[33mwarn\u001b[39m\u001b[22m\u001b[49m: Microsoft.Dafny.LanguageServer.Handlers.DafnyHoverHandler[0]
      the document file:///testFile81.dfy is not loaded</StdOut>
      </Output>
    </UnitTestResult>
    <UnitTestResult executionId="20232adb-f92a-4be9-a648-fc2c09ecae1a" testId="09f2c0ab-0fa1-48b8-8f87-a5dd414d200a" testName="DatatypeWithUnnamedDestructor" computerName="3c22fbe526e6" duration="00:00:00.3179885" startTime="2022-05-25T13:08:23.9051230+02:00" endTime="2022-05-25T13:08:24.2232970+02:00" testType="13cdc9d9-ddb5-4fa4-a97d-d965ccfc6d4b" outcome="Passed" testListId="8c84fa94-04c1-424b-9868-57a2d4851a1d" relativeResultsDirectory="20232adb-f92a-4be9-a648-fc2c09ecae1a" />
    <UnitTestResult executionId="4cc7cdb1-f655-4b4a-98fc-33c6cf15199c" testId="ec5f5e9f-b527-4998-a3d2-25543323c662" testName="ChangingCorrectDocumentToOneWithVerificationErrorsDoesNotReportVerificationErrorsIfNotVerifyOnChange" computerName="3c22fbe526e6" duration="00:00:00.4208190" startTime="2022-05-25T13:09:01.3265380+02:00" endTime="2022-05-25T13:09:01.7474880+02:00" testType="13cdc9d9-ddb5-4fa4-a97d-d965ccfc6d4b" outcome="Passed" testListId="8c84fa94-04c1-424b-9868-57a2d4851a1d" relativeResultsDirectory="4cc7cdb1-f655-4b4a-98fc-33c6cf15199c" />
    <UnitTestResult executionId="6fff75e2-8611-4e19-927a-a436c57b5d5c" testId="d0a08bee-06e2-49e6-9468-ed8b4b82e847" testName="LoadReturnsFaultedTaskIfAnyExceptionOccured" computerName="3c22fbe526e6" duration="00:00:00.0028783" startTime="2022-05-25T13:08:51.2538370+02:00" endTime="2022-05-25T13:08:51.2568730+02:00" testType="13cdc9d9-ddb5-4fa4-a97d-d965ccfc6d4b" outcome="Passed" testListId="8c84fa94-04c1-424b-9868-57a2d4851a1d" relativeResultsDirectory="6fff75e2-8611-4e19-927a-a436c57b5d5c" />
    <UnitTestResult executionId="205dd3bd-4aa8-4c7e-90e0-2de9e1f1ca25" testId="9eea757c-13c4-46d0-be33-f03c8d048e5d" testName="HoveringVariableShadowingFieldReturnsTheVariable" computerName="3c22fbe526e6" duration="00:00:00.1968093" startTime="2022-05-25T13:09:46.4009830+02:00" endTime="2022-05-25T13:09:46.5979010+02:00" testType="13cdc9d9-ddb5-4fa4-a97d-d965ccfc6d4b" outcome="Passed" testListId="8c84fa94-04c1-424b-9868-57a2d4851a1d" relativeResultsDirectory="205dd3bd-4aa8-4c7e-90e0-2de9e1f1ca25" />
    <UnitTestResult executionId="8648ff88-8263-4872-ac1c-bf9329103c57" testId="1a067f65-699d-493d-83bb-4b2130f76a2c" testName="TopLevelConstantsHaveToBeVerifiedAlso" computerName="3c22fbe526e6" duration="00:00:00.3539411" startTime="2022-05-25T13:10:03.0250420+02:00" endTime="2022-05-25T13:10:03.3791660+02:00" testType="13cdc9d9-ddb5-4fa4-a97d-d965ccfc6d4b" outcome="Passed" testListId="8c84fa94-04c1-424b-9868-57a2d4851a1d" relativeResultsDirectory="8648ff88-8263-4872-ac1c-bf9329103c57" />
    <UnitTestResult executionId="e3c3a95f-2057-4d27-9e77-602a796e0fac" testId="8e9b764a-12ff-42db-9d52-aff9480cc9e5" testName="WhenUsingOnSaveMethodStaysStaleUntilSave" computerName="3c22fbe526e6" duration="00:00:00.5557746" startTime="2022-05-25T13:09:37.9104680+02:00" endTime="2022-05-25T13:09:38.4664060+02:00" testType="13cdc9d9-ddb5-4fa4-a97d-d965ccfc6d4b" outcome="Passed" testListId="8c84fa94-04c1-424b-9868-57a2d4851a1d" relativeResultsDirectory="e3c3a95f-2057-4d27-9e77-602a796e0fac" />
    <UnitTestResult executionId="e8cfa998-db43-455a-932f-4171513d37df" testId="7576bfdb-33a2-4349-a094-eba43ddf7856" testName="DocumentWithParserErrorsSendsParsingFailedStatus" computerName="3c22fbe526e6" duration="00:00:00.2652405" startTime="2022-05-25T13:08:03.6762330+02:00" endTime="2022-05-25T13:08:03.9419200+02:00" testType="13cdc9d9-ddb5-4fa4-a97d-d965ccfc6d4b" outcome="Passed" testListId="8c84fa94-04c1-424b-9868-57a2d4851a1d" relativeResultsDirectory="e8cfa998-db43-455a-932f-4171513d37df" />
    <UnitTestResult executionId="8c4f7e8d-9f9e-448b-8402-c1d291265638" testId="bc014c20-b465-49f0-8a4a-8c680d9ee2f5" testName="UpdatesFlawlessDocumentIfVerifyOnSave" computerName="3c22fbe526e6" duration="00:00:00.3786878" startTime="2022-05-25T13:09:30.9517020+02:00" endTime="2022-05-25T13:09:31.3304880+02:00" testType="13cdc9d9-ddb5-4fa4-a97d-d965ccfc6d4b" outcome="Passed" testListId="8c84fa94-04c1-424b-9868-57a2d4851a1d" relativeResultsDirectory="8c4f7e8d-9f9e-448b-8402-c1d291265638" />
    <UnitTestResult executionId="e2c21e2f-5d99-40fc-af9c-abe3287836cc" testId="2158d4ad-93e8-44f2-bce0-d5363eeae095" testName="OpeningDocumentThatIncludesDocumentWithSyntaxErrorsReportsParserErrorAtInclude" computerName="3c22fbe526e6" duration="00:00:00.1943595" startTime="2022-05-25T13:09:02.5196820+02:00" endTime="2022-05-25T13:09:02.7141440+02:00" testType="13cdc9d9-ddb5-4fa4-a97d-d965ccfc6d4b" outcome="Passed" testListId="8c84fa94-04c1-424b-9868-57a2d4851a1d" relativeResultsDirectory="e2c21e2f-5d99-40fc-af9c-abe3287836cc" />
    <UnitTestResult executionId="ea0c1f8c-380b-4365-922d-1df1e775fe96" testId="68de8494-e572-4df5-97ab-4d0dc84a674b" testName="MapsValuesUpdate" computerName="3c22fbe526e6" duration="00:00:00.3110803" startTime="2022-05-25T13:08:36.0593030+02:00" endTime="2022-05-25T13:08:36.3705530+02:00" testType="13cdc9d9-ddb5-4fa4-a97d-d965ccfc6d4b" outcome="Passed" testListId="8c84fa94-04c1-424b-9868-57a2d4851a1d" relativeResultsDirectory="ea0c1f8c-380b-4365-922d-1df1e775fe96" />
    <UnitTestResult executionId="4ce1c9eb-d886-4680-a036-2e44765778ff" testId="376c1160-efe6-47d8-99cb-84e9c77d5ec4" testName="FractionFieldAsReal" computerName="3c22fbe526e6" duration="00:00:00.4503151" startTime="2022-05-25T13:08:21.4294820+02:00" endTime="2022-05-25T13:08:21.8799560+02:00" testType="13cdc9d9-ddb5-4fa4-a97d-d965ccfc6d4b" outcome="Passed" testListId="8c84fa94-04c1-424b-9868-57a2d4851a1d" relativeResultsDirectory="4ce1c9eb-d886-4680-a036-2e44765778ff" />
    <UnitTestResult executionId="c422370c-986a-4fe2-92db-3910fac5eab4" testId="3840ff23-b198-4a2e-beb1-19cc6f35a329" testName="VerificationDiagnosticsDoNotShowUpTwice" computerName="3c22fbe526e6" duration="00:00:00.3638796" startTime="2022-05-25T13:08:40.6789140+02:00" endTime="2022-05-25T13:08:41.0429440+02:00" testType="13cdc9d9-ddb5-4fa4-a97d-d965ccfc6d4b" outcome="Passed" testListId="8c84fa94-04c1-424b-9868-57a2d4851a1d" relativeResultsDirectory="c422370c-986a-4fe2-92db-3910fac5eab4" />
    <UnitTestResult executionId="024bb0dd-9c28-4a78-9bf3-e9cbfbd1cfec" testId="231dfe25-511c-4cd1-8891-d4b28fa605f1" testName="HoveringFunctionInvocationOfFunctionDeclaredInForeignDocumentReturnsSignature" computerName="3c22fbe526e6" duration="00:00:00.2631381" startTime="2022-05-25T13:09:45.8123950+02:00" endTime="2022-05-25T13:09:46.0756640+02:00" testType="13cdc9d9-ddb5-4fa4-a97d-d965ccfc6d4b" outcome="Passed" testListId="8c84fa94-04c1-424b-9868-57a2d4851a1d" relativeResultsDirectory="024bb0dd-9c28-4a78-9bf3-e9cbfbd1cfec" />
    <UnitTestResult executionId="93c89e43-1113-491a-955d-7e9d698479f5" testId="c4dd23fc-965c-4059-9dd0-e2eb899d6494" testName="ArraySimpleTest" computerName="3c22fbe526e6" duration="00:00:00.3837843" startTime="2022-05-25T13:08:26.9397890+02:00" endTime="2022-05-25T13:08:27.3237360+02:00" testType="13cdc9d9-ddb5-4fa4-a97d-d965ccfc6d4b" outcome="Passed" testListId="8c84fa94-04c1-424b-9868-57a2d4851a1d" relativeResultsDirectory="93c89e43-1113-491a-955d-7e9d698479f5" />
    <UnitTestResult executionId="6a4333aa-19b0-47f5-a064-0f1aa0ea3b15" testId="a6856baf-3042-422d-aded-d258c7d1efd3" testName="SavingDocumentWithVerificationErrorDoesNotDiscardDiagnosticsWithVerificationErrorsIfVerifyOnChange" computerName="3c22fbe526e6" duration="00:00:00.2993482" startTime="2022-05-25T13:09:03.0952810+02:00" endTime="2022-05-25T13:09:03.3947570+02:00" testType="13cdc9d9-ddb5-4fa4-a97d-d965ccfc6d4b" outcome="Passed" testListId="8c84fa94-04c1-424b-9868-57a2d4851a1d" relativeResultsDirectory="6a4333aa-19b0-47f5-a064-0f1aa0ea3b15" />
    <UnitTestResult executionId="9d33ae8c-23c7-4b41-a52b-eb1c24ef556a" testId="16f64639-8aad-413d-bc1d-9326f640c040" testName="DocumentWithParserExceptionDisplaysIt" computerName="3c22fbe526e6" duration="00:00:00.0026404" startTime="2022-05-25T13:08:51.0599410+02:00" endTime="2022-05-25T13:08:51.0627230+02:00" testType="13cdc9d9-ddb5-4fa4-a97d-d965ccfc6d4b" outcome="Passed" testListId="8c84fa94-04c1-424b-9868-57a2d4851a1d" relativeResultsDirectory="9d33ae8c-23c7-4b41-a52b-eb1c24ef556a" />
    <UnitTestResult executionId="20d7c3ce-a255-4747-aaa3-b2d99155fac5" testId="b0c81fdf-bcac-4022-8247-25c1f03eafa5" testName="SequenceOfBitVectors" computerName="3c22fbe526e6" duration="00:00:00.3076491" startTime="2022-05-25T13:08:27.6095260+02:00" endTime="2022-05-25T13:08:27.9173660+02:00" testType="13cdc9d9-ddb5-4fa4-a97d-d965ccfc6d4b" outcome="Passed" testListId="8c84fa94-04c1-424b-9868-57a2d4851a1d" relativeResultsDirectory="20d7c3ce-a255-4747-aaa3-b2d99155fac5" />
    <UnitTestResult executionId="ef423437-6de1-4e80-ab30-597db43751fa" testId="71fa7978-8537-45fc-b6ac-1a23e71ae6b1" testName="EnsureEmptyDocumentIsVerified" computerName="3c22fbe526e6" duration="00:00:00.2651520" startTime="2022-05-25T13:10:02.5815170+02:00" endTime="2022-05-25T13:10:02.8468760+02:00" testType="13cdc9d9-ddb5-4fa4-a97d-d965ccfc6d4b" outcome="Passed" testListId="8c84fa94-04c1-424b-9868-57a2d4851a1d" relativeResultsDirectory="ef423437-6de1-4e80-ab30-597db43751fa" />
    <UnitTestResult executionId="bcc73b9a-6f63-4b9a-ad62-fd0730fdf5cb" testId="02ac9665-ba6b-4a90-87dc-f45f80762ecd" testName="ReplaceMultiLineTextAtStart" computerName="3c22fbe526e6" duration="00:00:00.2794923" startTime="2022-05-25T13:09:34.7510120+02:00" endTime="2022-05-25T13:09:35.0306080+02:00" testType="13cdc9d9-ddb5-4fa4-a97d-d965ccfc6d4b" outcome="Passed" testListId="8c84fa94-04c1-424b-9868-57a2d4851a1d" relativeResultsDirectory="bcc73b9a-6f63-4b9a-ad62-fd0730fdf5cb" />
    <UnitTestResult executionId="d2ee81e2-9b29-4265-b530-c81e3da4dc93" testId="ecd0d307-0f69-417d-9272-3c71b1748493" testName="SignatureHelpOnOpeningParenthesesReturnsSignatureOfClosestFunction" computerName="3c22fbe526e6" duration="00:00:00.2664926" startTime="2022-05-25T13:09:53.9090910+02:00" endTime="2022-05-25T13:09:54.1756940+02:00" testType="13cdc9d9-ddb5-4fa4-a97d-d965ccfc6d4b" outcome="Passed" testListId="8c84fa94-04c1-424b-9868-57a2d4851a1d" relativeResultsDirectory="d2ee81e2-9b29-4265-b530-c81e3da4dc93" />
    <UnitTestResult executionId="253c2cbb-fdad-44bc-ad12-cfa7f9f11c8f" testId="db586ad7-04b3-46a7-954e-6fab12e743fe" testName="LeavesDocumentUnchangedIfVerifyOnChange" computerName="3c22fbe526e6" duration="00:00:00.1969781" startTime="2022-05-25T13:09:29.6736520+02:00" endTime="2022-05-25T13:09:29.8708710+02:00" testType="13cdc9d9-ddb5-4fa4-a97d-d965ccfc6d4b" outcome="Passed" testListId="8c84fa94-04c1-424b-9868-57a2d4851a1d" relativeResultsDirectory="253c2cbb-fdad-44bc-ad12-cfa7f9f11c8f" />
    <UnitTestResult executionId="c37338c3-aa7c-4d58-b58e-ebe28d1df0ad" testId="d1ef9ddc-0d26-45a3-ba07-eff9e2716367" testName="DafnyModelTypeMultipleArguments" computerName="3c22fbe526e6" duration="00:00:00.1652194" startTime="2022-05-25T13:08:37.8246590+02:00" endTime="2022-05-25T13:08:37.9900410+02:00" testType="13cdc9d9-ddb5-4fa4-a97d-d965ccfc6d4b" outcome="Passed" testListId="8c84fa94-04c1-424b-9868-57a2d4851a1d" relativeResultsDirectory="c37338c3-aa7c-4d58-b58e-ebe28d1df0ad" />
    <UnitTestResult executionId="061e22fd-5530-461e-a45b-088b6cb827a4" testId="055092d0-932c-4fed-8b2e-93fef291b578" testName="MapsOfBitVectors" computerName="3c22fbe526e6" duration="00:00:00.3785183" startTime="2022-05-25T13:08:36.9991140+02:00" endTime="2022-05-25T13:08:37.3777740+02:00" testType="13cdc9d9-ddb5-4fa4-a97d-d965ccfc6d4b" outcome="Passed" testListId="8c84fa94-04c1-424b-9868-57a2d4851a1d" relativeResultsDirectory="061e22fd-5530-461e-a45b-088b6cb827a4" />
    <UnitTestResult executionId="fff86f10-5458-44fe-86f1-33ae7236553a" testId="67f1276c-ac6f-40d3-8017-6fba897b91d1" testName="FractionAsAReal" computerName="3c22fbe526e6" duration="00:00:00.2658785" startTime="2022-05-25T13:08:20.8493760+02:00" endTime="2022-05-25T13:08:21.1154240+02:00" testType="13cdc9d9-ddb5-4fa4-a97d-d965ccfc6d4b" outcome="Passed" testListId="8c84fa94-04c1-424b-9868-57a2d4851a1d" relativeResultsDirectory="fff86f10-5458-44fe-86f1-33ae7236553a" />
    <UnitTestResult executionId="76dfc981-eeae-4632-8e03-d882e7a6f9aa" testId="89ce5c2a-7c3e-4029-9954-b22e1d0ecbf7" testName="MigrationLeavesLinesOfSymbolsBeforeUnchangedWhenChangingInTheMiddle" computerName="3c22fbe526e6" duration="00:00:00.2461918" startTime="2022-05-25T13:09:26.1693200+02:00" endTime="2022-05-25T13:09:26.4158190+02:00" testType="13cdc9d9-ddb5-4fa4-a97d-d965ccfc6d4b" outcome="Passed" testListId="8c84fa94-04c1-424b-9868-57a2d4851a1d" relativeResultsDirectory="76dfc981-eeae-4632-8e03-d882e7a6f9aa" />
    <UnitTestResult executionId="e6b2e55e-375a-4051-8cc4-bfe1f53efe6b" testId="89a57a51-5b32-460d-b451-ae3ab0b3998a" testName="DafnyModelTypeComplexCase" computerName="3c22fbe526e6" duration="00:00:00.1463959" startTime="2022-05-25T13:08:38.1406100+02:00" endTime="2022-05-25T13:08:38.2871040+02:00" testType="13cdc9d9-ddb5-4fa4-a97d-d965ccfc6d4b" outcome="Passed" testListId="8c84fa94-04c1-424b-9868-57a2d4851a1d" relativeResultsDirectory="e6b2e55e-375a-4051-8cc4-bfe1f53efe6b" />
    <UnitTestResult executionId="b503ed7d-9014-4610-a654-e57cc1d68a1a" testId="d6b36151-dc50-47ed-a005-5e4b6b2f2bcf" testName="HoveringTypeOfConstructorInvocationReturnsTheUserDefinedType" computerName="3c22fbe526e6" duration="00:00:00.3441367" startTime="2022-05-25T13:09:47.5452100+02:00" endTime="2022-05-25T13:09:47.8894730+02:00" testType="13cdc9d9-ddb5-4fa4-a97d-d965ccfc6d4b" outcome="Passed" testListId="8c84fa94-04c1-424b-9868-57a2d4851a1d" relativeResultsDirectory="b503ed7d-9014-4610-a654-e57cc1d68a1a" />
    <UnitTestResult executionId="25336ecf-a0a6-435b-9f1f-0f49b93f74f5" testId="b41e4da4-3df2-4b1c-abb1-9f2b8693b6bc" testName="VerificationStatusNotUpdatedOnResolutionError" computerName="3c22fbe526e6" duration="00:00:00.4180368" startTime="2022-05-25T13:09:39.7900790+02:00" endTime="2022-05-25T13:09:40.2083270+02:00" testType="13cdc9d9-ddb5-4fa4-a97d-d965ccfc6d4b" outcome="Passed" testListId="8c84fa94-04c1-424b-9868-57a2d4851a1d" relativeResultsDirectory="25336ecf-a0a6-435b-9f1f-0f49b93f74f5" />
    <UnitTestResult executionId="3dbe20a8-c433-416f-a371-ceffc23b4e7c" testId="2824e2af-4639-4278-b87e-45121e12d8ff" testName="HoveringParameterDesignatorOfMethodInsideDataTypeReturnsTheParameterType" computerName="3c22fbe526e6" duration="00:00:00.2053839" startTime="2022-05-25T13:09:48.4058470+02:00" endTime="2022-05-25T13:09:48.6113370+02:00" testType="13cdc9d9-ddb5-4fa4-a97d-d965ccfc6d4b" outcome="Passed" testListId="8c84fa94-04c1-424b-9868-57a2d4851a1d" relativeResultsDirectory="3dbe20a8-c433-416f-a371-ceffc23b4e7c" />
    <UnitTestResult executionId="30ce2a2a-c77b-4392-9442-3099fad3c0de" testId="ba0388bb-a284-416f-b740-3a3eb63e8869" testName="SpecificCharacter" computerName="3c22fbe526e6" duration="00:00:00.3065925" startTime="2022-05-25T13:08:23.1737900+02:00" endTime="2022-05-25T13:08:23.4805700+02:00" testType="13cdc9d9-ddb5-4fa4-a97d-d965ccfc6d4b" outcome="Passed" testListId="8c84fa94-04c1-424b-9868-57a2d4851a1d" relativeResultsDirectory="30ce2a2a-c77b-4392-9442-3099fad3c0de" />
    <UnitTestResult executionId="65e9ee35-a4a6-465a-a11b-c36c9aa4a017" testId="bc76a646-117d-401b-a153-f673c0f34729" testName="MigrationExpandsDeclarationRangeWhenChangingTheContentsOnTheSameLine" computerName="3c22fbe526e6" duration="00:00:00.2781044" startTime="2022-05-25T13:08:55.2457590+02:00" endTime="2022-05-25T13:08:55.5239680+02:00" testType="13cdc9d9-ddb5-4fa4-a97d-d965ccfc6d4b" outcome="Passed" testListId="8c84fa94-04c1-424b-9868-57a2d4851a1d" relativeResultsDirectory="65e9ee35-a4a6-465a-a11b-c36c9aa4a017" />
    <UnitTestResult executionId="e0a6fd87-c198-4504-b44d-68641e96326e" testId="90daf7f3-15c6-4500-b22f-ac630b78e424" testName="HoverIngInferredVariable" computerName="3c22fbe526e6" duration="00:00:00.3279514" startTime="2022-05-25T13:09:52.2475390+02:00" endTime="2022-05-25T13:09:52.5756020+02:00" testType="13cdc9d9-ddb5-4fa4-a97d-d965ccfc6d4b" outcome="Passed" testListId="8c84fa94-04c1-424b-9868-57a2d4851a1d" relativeResultsDirectory="e0a6fd87-c198-4504-b44d-68641e96326e" />
    <UnitTestResult executionId="b156e0a8-2d1c-47aa-9f24-ef3b10917cf3" testId="f9955dee-d248-40c4-9722-65861137fe3e" testName="ApplyChangeBeforeVerificationFinishes" computerName="3c22fbe526e6" duration="00:00:03.7159675" startTime="2022-05-25T13:09:17.7822800+02:00" endTime="2022-05-25T13:09:21.4983810+02:00" testType="13cdc9d9-ddb5-4fa4-a97d-d965ccfc6d4b" outcome="Passed" testListId="8c84fa94-04c1-424b-9868-57a2d4851a1d" relativeResultsDirectory="b156e0a8-2d1c-47aa-9f24-ef3b10917cf3" />
    <UnitTestResult executionId="f969f1ff-3ca9-43d7-9937-95263ad9b33f" testId="b0b8cdbd-5dde-4db2-88a2-5187083acd1e" testName="SequenceEdit" computerName="3c22fbe526e6" duration="00:00:00.3603110" startTime="2022-05-25T13:08:32.2580180+02:00" endTime="2022-05-25T13:08:32.6184940+02:00" testType="13cdc9d9-ddb5-4fa4-a97d-d965ccfc6d4b" outcome="Passed" testListId="8c84fa94-04c1-424b-9868-57a2d4851a1d" relativeResultsDirectory="f969f1ff-3ca9-43d7-9937-95263ad9b33f" />
    <UnitTestResult executionId="b77aa6b0-9ca4-4f15-96ad-87cd57237711" testId="a27d9bef-6233-40aa-9a0d-66e37d58e7ff" testName="DefinitionOfVariableShadowingFieldReturnsTheVariable" computerName="3c22fbe526e6" duration="00:00:00.1935375" startTime="2022-05-25T13:09:42.4150080+02:00" endTime="2022-05-25T13:09:42.6086600+02:00" testType="13cdc9d9-ddb5-4fa4-a97d-d965ccfc6d4b" outcome="Passed" testListId="8c84fa94-04c1-424b-9868-57a2d4851a1d" relativeResultsDirectory="b77aa6b0-9ca4-4f15-96ad-87cd57237711" />
    <UnitTestResult executionId="f48f620b-dce8-4899-99fe-ee10dba45e04" testId="a882d228-a3f3-4e93-9ea2-9d1ddaf841e2" testName="OpeningDocumentWithMultipleVerificationCoresReturnsStableDiagnostics" computerName="3c22fbe526e6" duration="00:00:03.5492004" startTime="2022-05-25T13:09:04.3055760+02:00" endTime="2022-05-25T13:09:07.8548990+02:00" testType="13cdc9d9-ddb5-4fa4-a97d-d965ccfc6d4b" outcome="Passed" testListId="8c84fa94-04c1-424b-9868-57a2d4851a1d" relativeResultsDirectory="f48f620b-dce8-4899-99fe-ee10dba45e04" />
    <UnitTestResult executionId="9e905287-6195-456c-8575-c793db30b240" testId="17a65215-3586-4d88-988d-d43cec7be517" testName="QueuedMethodGoesThroughAllPhases" computerName="3c22fbe526e6" duration="00:00:00.5004410" startTime="2022-05-25T13:09:37.4097110+02:00" endTime="2022-05-25T13:09:37.9103630+02:00" testType="13cdc9d9-ddb5-4fa4-a97d-d965ccfc6d4b" outcome="Passed" testListId="8c84fa94-04c1-424b-9868-57a2d4851a1d" relativeResultsDirectory="9e905287-6195-456c-8575-c793db30b240" />
    <UnitTestResult executionId="e24a00b9-733b-4aba-b339-94b9992c670f" testId="36c674bd-0ae0-4054-9e3c-9d9ee0430537" testName="WholeNumberAsReal" computerName="3c22fbe526e6" duration="00:00:00.2516439" startTime="2022-05-25T13:08:20.5974720+02:00" endTime="2022-05-25T13:08:20.8492850+02:00" testType="13cdc9d9-ddb5-4fa4-a97d-d965ccfc6d4b" outcome="Passed" testListId="8c84fa94-04c1-424b-9868-57a2d4851a1d" relativeResultsDirectory="e24a00b9-733b-4aba-b339-94b9992c670f" />
    <UnitTestResult executionId="9682c9f1-7af1-4cbb-9632-c0ad900d1547" testId="51ca7a54-7ae6-45a4-b7fc-069b1c07b460" testName="PassingANullChangeRangeClearsDiagnostics" computerName="3c22fbe526e6" duration="00:00:00.5433719" startTime="2022-05-25T13:08:39.7712060+02:00" endTime="2022-05-25T13:08:40.3147330+02:00" testType="13cdc9d9-ddb5-4fa4-a97d-d965ccfc6d4b" outcome="Passed" testListId="8c84fa94-04c1-424b-9868-57a2d4851a1d" relativeResultsDirectory="9682c9f1-7af1-4cbb-9632-c0ad900d1547" />
    <UnitTestResult executionId="4af9da8f-405d-4e5c-bdcf-655686507752" testId="6e3528be-509c-417b-bd4a-bc079ca2caf1" testName="EnsuresPriorityWorksEvenIfRemovingMethodsWhileTypo" computerName="3c22fbe526e6" duration="00:00:00.5976433" startTime="2022-05-25T13:09:57.7833060+02:00" endTime="2022-05-25T13:09:58.3810400+02:00" testType="13cdc9d9-ddb5-4fa4-a97d-d965ccfc6d4b" outcome="Passed" testListId="8c84fa94-04c1-424b-9868-57a2d4851a1d" relativeResultsDirectory="4af9da8f-405d-4e5c-bdcf-655686507752" />
    <UnitTestResult executionId="aa0bab42-5e0c-4ab8-96b8-bb6d61e45052" testId="8415bb63-f191-4f62-aecf-71b78a23ed93" testName="MigrationLeavesLocationUnchangedWhenChangingAtTheEndOfTheSignature" computerName="3c22fbe526e6" duration="00:00:00.2548301" startTime="2022-05-25T13:08:54.7256200+02:00" endTime="2022-05-25T13:08:54.9805540+02:00" testType="13cdc9d9-ddb5-4fa4-a97d-d965ccfc6d4b" outcome="Passed" testListId="8c84fa94-04c1-424b-9868-57a2d4851a1d" relativeResultsDirectory="aa0bab42-5e0c-4ab8-96b8-bb6d61e45052" />
    <UnitTestResult executionId="5aa30b96-b093-49c9-8d7d-1d9cdee709e3" testId="e896b5b1-f2b6-42e6-88aa-dcf512cb7340" testName="ResolutionDiagnosticsAreKeptWhenNonEdgeCrossingChangesAreMade" computerName="3c22fbe526e6" duration="00:00:00.3498986" startTime="2022-05-25T13:08:39.4210910+02:00" endTime="2022-05-25T13:08:39.7711360+02:00" testType="13cdc9d9-ddb5-4fa4-a97d-d965ccfc6d4b" outcome="Passed" testListId="8c84fa94-04c1-424b-9868-57a2d4851a1d" relativeResultsDirectory="5aa30b96-b093-49c9-8d7d-1d9cdee709e3" />
    <UnitTestResult executionId="7b701959-30b2-49de-906a-d5519219990c" testId="c7fbde5b-7198-41fc-95c5-2edaaf625ff0" testName="HoveringFieldOfSystemTypeReturnsDefinition" computerName="3c22fbe526e6" duration="00:00:00.2678737" startTime="2022-05-25T13:09:45.5443420+02:00" endTime="2022-05-25T13:09:45.8123580+02:00" testType="13cdc9d9-ddb5-4fa4-a97d-d965ccfc6d4b" outcome="Passed" testListId="8c84fa94-04c1-424b-9868-57a2d4851a1d" relativeResultsDirectory="7b701959-30b2-49de-906a-d5519219990c" />
    <UnitTestResult executionId="82f1ec17-16ae-436e-afc7-a55b90d025cb" testId="95f4b967-afc7-4ca6-8026-ad5f89185210" testName="InsertTextAtEnd" computerName="3c22fbe526e6" duration="00:00:00.2858376" startTime="2022-05-25T13:09:33.1017440+02:00" endTime="2022-05-25T13:09:33.3877090+02:00" testType="13cdc9d9-ddb5-4fa4-a97d-d965ccfc6d4b" outcome="Passed" testListId="8c84fa94-04c1-424b-9868-57a2d4851a1d" relativeResultsDirectory="82f1ec17-16ae-436e-afc7-a55b90d025cb" />
    <UnitTestResult executionId="45778b7b-944f-44ba-9a81-96835d838711" testId="64f0807c-456b-429b-b1a2-b0aa32d4f8a0" testName="ParseErrorsOfDocumentAreCaptured" computerName="3c22fbe526e6" duration="00:00:00.2127100" startTime="2022-05-25T13:09:28.0879050+02:00" endTime="2022-05-25T13:09:28.3007070+02:00" testType="13cdc9d9-ddb5-4fa4-a97d-d965ccfc6d4b" outcome="Passed" testListId="8c84fa94-04c1-424b-9868-57a2d4851a1d" relativeResultsDirectory="45778b7b-944f-44ba-9a81-96835d838711" />
    <UnitTestResult executionId="6ba92dd7-ec8f-4e2b-a830-d960ee26ba59" testId="3ef92f4c-7bd8-46d3-80d4-a62ec01a03fd" testName="EnsureVerificationGutterStatusIsWorking" computerName="3c22fbe526e6" duration="00:00:00.4639342" startTime="2022-05-25T13:09:58.3810710+02:00" endTime="2022-05-25T13:09:58.8453090+02:00" testType="13cdc9d9-ddb5-4fa4-a97d-d965ccfc6d4b" outcome="Passed" testListId="8c84fa94-04c1-424b-9868-57a2d4851a1d" relativeResultsDirectory="6ba92dd7-ec8f-4e2b-a830-d960ee26ba59" />
    <UnitTestResult executionId="213262cf-db1d-459a-a7aa-465ff498c61b" testId="88dba311-013e-47c3-9153-4eacaf11a7a0" testName="MigrationExpandsDeclarationRangeWhenChangingTheContents" computerName="3c22fbe526e6" duration="00:00:00.2650377" startTime="2022-05-25T13:08:54.9805890+02:00" endTime="2022-05-25T13:08:55.2457250+02:00" testType="13cdc9d9-ddb5-4fa4-a97d-d965ccfc6d4b" outcome="Passed" testListId="8c84fa94-04c1-424b-9868-57a2d4851a1d" relativeResultsDirectory="213262cf-db1d-459a-a7aa-465ff498c61b" />
    <UnitTestResult executionId="cd126ee7-cfb4-4a70-870e-9d6431736324" testId="c50ff91b-5c1d-4351-ba0c-2d6f456f0cb2" testName="HoveringMapBoundVarReturnsBoundVarInferredType" computerName="3c22fbe526e6" duration="00:00:00.2682500" startTime="2022-05-25T13:09:50.3195110+02:00" endTime="2022-05-25T13:09:50.5878630+02:00" testType="13cdc9d9-ddb5-4fa4-a97d-d965ccfc6d4b" outcome="Passed" testListId="8c84fa94-04c1-424b-9868-57a2d4851a1d" relativeResultsDirectory="cd126ee7-cfb4-4a70-870e-9d6431736324" />
    <UnitTestResult executionId="7f1d02e5-1958-474c-87a6-7a002b762558" testId="3f7dfe2a-6295-496f-b94c-016f43ca100c" testName="CanResolveSymbolsForMethodsWithoutBody" computerName="3c22fbe526e6" duration="00:00:00.3088814" startTime="2022-05-25T13:09:44.4267480+02:00" endTime="2022-05-25T13:09:44.7358740+02:00" testType="13cdc9d9-ddb5-4fa4-a97d-d965ccfc6d4b" outcome="Passed" testListId="8c84fa94-04c1-424b-9868-57a2d4851a1d" relativeResultsDirectory="7f1d02e5-1958-474c-87a6-7a002b762558" />
    <UnitTestResult executionId="e555b6f9-2a69-49e1-bbd3-12dc8d369961" testId="c7260b6b-36ff-4531-b663-7f86bde5f8c4" testName="ResolutionDiagnosticsAreRemovedWhenRangeIsDeleted" computerName="3c22fbe526e6" duration="00:00:00.4182518" startTime="2022-05-25T13:08:39.0025680+02:00" endTime="2022-05-25T13:08:39.4209880+02:00" testType="13cdc9d9-ddb5-4fa4-a97d-d965ccfc6d4b" outcome="Passed" testListId="8c84fa94-04c1-424b-9868-57a2d4851a1d" relativeResultsDirectory="e555b6f9-2a69-49e1-bbd3-12dc8d369961" />
    <UnitTestResult executionId="378c41a9-eed4-416f-9c3f-4d22b1978cd4" testId="22c1f409-8237-4308-b08a-587232bec66c" testName="NewtonsoftVersionMatch" computerName="3c22fbe526e6" duration="00:00:00.0020262" startTime="2022-05-25T13:08:51.0577320+02:00" endTime="2022-05-25T13:08:51.0599160+02:00" testType="13cdc9d9-ddb5-4fa4-a97d-d965ccfc6d4b" outcome="Passed" testListId="8c84fa94-04c1-424b-9868-57a2d4851a1d" relativeResultsDirectory="378c41a9-eed4-416f-9c3f-4d22b1978cd4" />
    <UnitTestResult executionId="5849ab52-194c-4ce1-ba3e-7cf32205c3a2" testId="76a34ced-e446-4bb3-bb0e-03d1445dde89" testName="MapsUpdateStoredInANewVariable" computerName="3c22fbe526e6" duration="00:00:00.3357075" startTime="2022-05-25T13:08:35.7232760+02:00" endTime="2022-05-25T13:08:36.0591840+02:00" testType="13cdc9d9-ddb5-4fa4-a97d-d965ccfc6d4b" outcome="Passed" testListId="8c84fa94-04c1-424b-9868-57a2d4851a1d" relativeResultsDirectory="5849ab52-194c-4ce1-ba3e-7cf32205c3a2" />
    <UnitTestResult executionId="087fa7c6-20d2-40fc-b3ac-e49a8ae4d80e" testId="fd98e780-5625-4199-a640-faeff9fd5606" testName="EnsuresPriorityDependsOnEditingWhileEditingSameMethod" computerName="3c22fbe526e6" duration="00:00:01.3014077" startTime="2022-05-25T13:09:55.8951440+02:00" endTime="2022-05-25T13:09:57.1966520+02:00" testType="13cdc9d9-ddb5-4fa4-a97d-d965ccfc6d4b" outcome="Passed" testListId="8c84fa94-04c1-424b-9868-57a2d4851a1d" relativeResultsDirectory="087fa7c6-20d2-40fc-b3ac-e49a8ae4d80e" />
    <UnitTestResult executionId="5120b1e0-135e-4dc0-b982-78e0976716d4" testId="8c75441e-799c-4dde-9168-be23becc9e56" testName="HoveringForallBoundVarReturnsBoundVarInferredType" computerName="3c22fbe526e6" duration="00:00:00.2832732" startTime="2022-05-25T13:09:49.4695560+02:00" endTime="2022-05-25T13:09:49.7529810+02:00" testType="13cdc9d9-ddb5-4fa4-a97d-d965ccfc6d4b" outcome="Passed" testListId="8c84fa94-04c1-424b-9868-57a2d4851a1d" relativeResultsDirectory="5120b1e0-135e-4dc0-b982-78e0976716d4" />
    <UnitTestResult executionId="df5ec325-952c-40da-af69-dcbf84200851" testId="165d7c9d-888f-4003-86b9-0ae153b32124" testName="OpeningDocumentWithVerificationErrorReportsDiagnosticsWithVerificationErrors" computerName="3c22fbe526e6" duration="00:00:00.3449763" startTime="2022-05-25T13:08:58.8961190+02:00" endTime="2022-05-25T13:08:59.2412380+02:00" testType="13cdc9d9-ddb5-4fa4-a97d-d965ccfc6d4b" outcome="Passed" testListId="8c84fa94-04c1-424b-9868-57a2d4851a1d" relativeResultsDirectory="df5ec325-952c-40da-af69-dcbf84200851" />
    <UnitTestResult executionId="1e1c90f0-10a8-4d07-9f8b-2e576f43fee3" testId="b9004d1c-999f-4193-954c-a2b56796ece7" testName="OpeningDocumentWithMultipleSemanticErrorsReportsDiagnosticsWithAllSemanticErrors" computerName="3c22fbe526e6" duration="00:00:00.2328733" startTime="2022-05-25T13:08:58.6630910+02:00" endTime="2022-05-25T13:08:58.8960850+02:00" testType="13cdc9d9-ddb5-4fa4-a97d-d965ccfc6d4b" outcome="Passed" testListId="8c84fa94-04c1-424b-9868-57a2d4851a1d" relativeResultsDirectory="1e1c90f0-10a8-4d07-9f8b-2e576f43fee3" />
    <UnitTestResult executionId="b438aa98-1387-4ae2-b06c-7355c188f7f8" testId="a850797a-c18f-4ab2-9d75-e587f04a1431" testName="HoveringVariableShadowingFieldReturnsTheFieldIfThisIsUsed" computerName="3c22fbe526e6" duration="00:00:00.2475886" startTime="2022-05-25T13:09:46.5979480+02:00" endTime="2022-05-25T13:09:46.8456380+02:00" testType="13cdc9d9-ddb5-4fa4-a97d-d965ccfc6d4b" outcome="Passed" testListId="8c84fa94-04c1-424b-9868-57a2d4851a1d" relativeResultsDirectory="b438aa98-1387-4ae2-b06c-7355c188f7f8" />
    <UnitTestResult executionId="85aaa0a6-1245-486f-8ed0-b281bdee122d" testId="780ecedf-8674-4d02-a67d-fccc82706b76" testName="GenericSort" computerName="3c22fbe526e6" duration="00:00:00.4038443" startTime="2022-05-25T13:08:49.4915400+02:00" endTime="2022-05-25T13:08:49.8955290+02:00" testType="13cdc9d9-ddb5-4fa4-a97d-d965ccfc6d4b" outcome="Passed" testListId="8c84fa94-04c1-424b-9868-57a2d4851a1d" relativeResultsDirectory="85aaa0a6-1245-486f-8ed0-b281bdee122d" />
    <UnitTestResult executionId="05689046-395a-489e-a46e-8038d1973206" testId="ab32b5d2-12fa-452e-bda4-7bc87c7de52d" testName="MigrationLeavesLinesOfSymbolsBeforeUnchangedWhenRemovingInTheMiddle" computerName="3c22fbe526e6" duration="00:00:00.2684784" startTime="2022-05-25T13:08:53.9286490+02:00" endTime="2022-05-25T13:08:54.1972400+02:00" testType="13cdc9d9-ddb5-4fa4-a97d-d965ccfc6d4b" outcome="Passed" testListId="8c84fa94-04c1-424b-9868-57a2d4851a1d" relativeResultsDirectory="05689046-395a-489e-a46e-8038d1973206" />
    <UnitTestResult executionId="d25e113c-e4ec-4764-b765-05ada642d4f5" testId="af53761b-c73a-4a31-9249-a76caac19318" testName="HoveringForAllBoundVarInPredicateReturnsBoundVarInferredType" computerName="3c22fbe526e6" duration="00:00:00.2559973" startTime="2022-05-25T13:09:50.8266720+02:00" endTime="2022-05-25T13:09:51.0828020+02:00" testType="13cdc9d9-ddb5-4fa4-a97d-d965ccfc6d4b" outcome="Passed" testListId="8c84fa94-04c1-424b-9868-57a2d4851a1d" relativeResultsDirectory="d25e113c-e4ec-4764-b765-05ada642d4f5" />
    <UnitTestResult executionId="1a44d343-07c2-41c6-8250-297b3f3dc5d3" testId="dea09e66-08d0-4702-ad38-dd2aea3977ae" testName="HoveringVariableShadowedByAnotherReturnsTheOriginalVariable" computerName="3c22fbe526e6" duration="00:00:00.2100934" startTime="2022-05-25T13:09:47.0785390+02:00" endTime="2022-05-25T13:09:47.2887610+02:00" testType="13cdc9d9-ddb5-4fa4-a97d-d965ccfc6d4b" outcome="Passed" testListId="8c84fa94-04c1-424b-9868-57a2d4851a1d" relativeResultsDirectory="1a44d343-07c2-41c6-8250-297b3f3dc5d3" />
    <UnitTestResult executionId="ae132399-5dcf-4f12-b3e5-72d6460883e9" testId="101c5309-39c9-487b-98a8-fd461576bf24" testName="DefinitionOfVariableShadowedByAnotherReturnsTheOriginalVariable" computerName="3c22fbe526e6" duration="00:00:00.2251928" startTime="2022-05-25T13:09:43.0900660+02:00" endTime="2022-05-25T13:09:43.3153730+02:00" testType="13cdc9d9-ddb5-4fa4-a97d-d965ccfc6d4b" outcome="Passed" testListId="8c84fa94-04c1-424b-9868-57a2d4851a1d" relativeResultsDirectory="ae132399-5dcf-4f12-b3e5-72d6460883e9" />
    <UnitTestResult executionId="0e281dcc-92e1-4c55-ab27-c563c8fc6996" testId="6ce24174-c837-4356-91b8-d066be325691" testName="InsertMultipleInSingleChange" computerName="3c22fbe526e6" duration="00:00:00.2815485" startTime="2022-05-25T13:09:34.1998260+02:00" endTime="2022-05-25T13:09:34.4814960+02:00" testType="13cdc9d9-ddb5-4fa4-a97d-d965ccfc6d4b" outcome="Passed" testListId="8c84fa94-04c1-424b-9868-57a2d4851a1d" relativeResultsDirectory="0e281dcc-92e1-4c55-ab27-c563c8fc6996" />
    <UnitTestResult executionId="e26f2a60-1e01-445d-90c5-277c9b9ffe05" testId="3bb1279e-ccee-4389-92b8-6cfd9f61519c" testName="RemoveCompleteDocumentContent" computerName="3c22fbe526e6" duration="00:00:00.2998065" startTime="2022-05-25T13:09:36.3697960+02:00" endTime="2022-05-25T13:09:36.6697310+02:00" testType="13cdc9d9-ddb5-4fa4-a97d-d965ccfc6d4b" outcome="Passed" testListId="8c84fa94-04c1-424b-9868-57a2d4851a1d" relativeResultsDirectory="e26f2a60-1e01-445d-90c5-277c9b9ffe05" />
    <UnitTestResult executionId="df5b925f-e42c-4e34-bae4-64aafd0c8d33" testId="54bcfa71-64ef-429e-9803-b53b8017af9a" testName="DocumentWithOnlyVerifierErrorsSendsCompilationSucceededVerificationStartedAndVerificationFailedStatuses" computerName="3c22fbe526e6" duration="00:00:00.3464845" startTime="2022-05-25T13:08:04.5298270+02:00" endTime="2022-05-25T13:08:04.8767040+02:00" testType="13cdc9d9-ddb5-4fa4-a97d-d965ccfc6d4b" outcome="Passed" testListId="8c84fa94-04c1-424b-9868-57a2d4851a1d" relativeResultsDirectory="df5b925f-e42c-4e34-bae4-64aafd0c8d33" />
    <UnitTestResult executionId="24a8f610-b308-495e-a48e-d0186917a6e7" testId="5c66653c-81b8-4195-9016-7c4699729257" testName="RefiningDeclarationStatusIsFoldedIntoTheBase" computerName="3c22fbe526e6" duration="00:00:00.4075199" startTime="2022-05-25T13:09:40.6237110+02:00" endTime="2022-05-25T13:09:41.0315640+02:00" testType="13cdc9d9-ddb5-4fa4-a97d-d965ccfc6d4b" outcome="Passed" testListId="8c84fa94-04c1-424b-9868-57a2d4851a1d" relativeResultsDirectory="24a8f610-b308-495e-a48e-d0186917a6e7">
      <Output>
        <StdOut>\u001b[41m\u001b[30mfail\u001b[39m\u001b[22m\u001b[49m: Microsoft.Dafny.LanguageServer.Workspace.VerificationProgressReporter[0]
      No method node at /testFile220.dfy[Refinement1]:2:10
\u001b[41m\u001b[30mfail\u001b[39m\u001b[22m\u001b[49m: Microsoft.Dafny.LanguageServer.Workspace.VerificationProgressReporter[0]
      No method node at /testFile220.dfy[Refinement2]:2:10
\u001b[41m\u001b[30mfail\u001b[39m\u001b[22m\u001b[49m: Microsoft.Dafny.LanguageServer.Workspace.VerificationProgressReporter[0]
      No method node at /testFile220.dfy[Refinement1]:2:10
\u001b[41m\u001b[30mfail\u001b[39m\u001b[22m\u001b[49m: Microsoft.Dafny.LanguageServer.Workspace.VerificationProgressReporter[0]
      No method node at /testFile220.dfy[Refinement2]:2:10</StdOut>
      </Output>
    </UnitTestResult>
    <UnitTestResult executionId="d5fcb163-3d79-4b08-bc91-0eb06b5648e5" testId="2451052c-1307-49e5-9989-f25d8148f71f" testName="SequenceSimpleTest" computerName="3c22fbe526e6" duration="00:00:00.2854098" startTime="2022-05-25T13:08:27.3238520+02:00" endTime="2022-05-25T13:08:27.6094320+02:00" testType="13cdc9d9-ddb5-4fa4-a97d-d965ccfc6d4b" outcome="Passed" testListId="8c84fa94-04c1-424b-9868-57a2d4851a1d" relativeResultsDirectory="d5fcb163-3d79-4b08-bc91-0eb06b5648e5" />
    <UnitTestResult executionId="97f83d49-db8c-4029-a703-0744e5c2bd10" testId="d4e901fa-da9b-4e21-b7b7-ad4deb4fb000" testName="CompleteOnLocalArrayReturnsLength" computerName="3c22fbe526e6" duration="00:00:00.2619383" startTime="2022-05-25T13:10:04.4426630+02:00" endTime="2022-05-25T13:10:04.7047210+02:00" testType="13cdc9d9-ddb5-4fa4-a97d-d965ccfc6d4b" outcome="Passed" testListId="8c84fa94-04c1-424b-9868-57a2d4851a1d" relativeResultsDirectory="97f83d49-db8c-4029-a703-0744e5c2bd10" />
    <UnitTestResult executionId="3de94e56-a654-4b6a-b2e4-9aab7cf447c4" testId="f03a90fa-24eb-4c5b-b883-f112f08874db" testName="OpeningDocumentWithMultipleVerificationErrorsReportsDiagnosticsWithAllVerificationErrorsAndRelatedInformation" computerName="3c22fbe526e6" duration="00:00:00.3813803" startTime="2022-05-25T13:08:59.6178960+02:00" endTime="2022-05-25T13:08:59.9994750+02:00" testType="13cdc9d9-ddb5-4fa4-a97d-d965ccfc6d4b" outcome="Passed" testListId="8c84fa94-04c1-424b-9868-57a2d4851a1d" relativeResultsDirectory="3de94e56-a654-4b6a-b2e4-9aab7cf447c4" />
    <UnitTestResult executionId="0f081009-cc54-4b96-96ea-87624752e243" testId="adf04791-7c45-4782-bfd7-04414e697b1c" testName="ReplaceSingleLineTextAtStart" computerName="3c22fbe526e6" duration="00:00:00.2691725" startTime="2022-05-25T13:09:34.4815320+02:00" endTime="2022-05-25T13:09:34.7509720+02:00" testType="13cdc9d9-ddb5-4fa4-a97d-d965ccfc6d4b" outcome="Passed" testListId="8c84fa94-04c1-424b-9868-57a2d4851a1d" relativeResultsDirectory="0f081009-cc54-4b96-96ea-87624752e243" />
    <UnitTestResult executionId="6d00dee7-af5f-45b7-9e79-f97af4705622" testId="b472f55f-ecf7-44df-9d48-cfab2ee7f864" testName="HoveringFormalReturnsFormalType" computerName="3c22fbe526e6" duration="00:00:00.3109948" startTime="2022-05-25T13:09:48.9267330+02:00" endTime="2022-05-25T13:09:49.2378610+02:00" testType="13cdc9d9-ddb5-4fa4-a97d-d965ccfc6d4b" outcome="Passed" testListId="8c84fa94-04c1-424b-9868-57a2d4851a1d" relativeResultsDirectory="6d00dee7-af5f-45b7-9e79-f97af4705622" />
    <UnitTestResult executionId="7ee41c60-d781-4131-b462-56331dd60582" testId="58d34400-2b8f-405d-824e-cd1793711fbd" testName="OpeningDocumentWithSemanticErrorsInIncludeReportsResolverErrorAtIncludeStatement" computerName="3c22fbe526e6" duration="00:00:00.1870999" startTime="2022-05-25T13:09:02.9079870+02:00" endTime="2022-05-25T13:09:03.0952510+02:00" testType="13cdc9d9-ddb5-4fa4-a97d-d965ccfc6d4b" outcome="Passed" testListId="8c84fa94-04c1-424b-9868-57a2d4851a1d" relativeResultsDirectory="7ee41c60-d781-4131-b462-56331dd60582" />
    <UnitTestResult executionId="fa530617-7bdd-419f-8937-4be239c19760" testId="3183eb87-ce21-4d7e-af68-e7e5b49de9f7" testName="LeavesDocumentUnchangedIfDocumentContainsSyntaxErrorsIfVerifyOnSave" computerName="3c22fbe526e6" duration="00:00:00.3722315" startTime="2022-05-25T13:09:30.2528710+02:00" endTime="2022-05-25T13:09:30.6252480+02:00" testType="13cdc9d9-ddb5-4fa4-a97d-d965ccfc6d4b" outcome="Passed" testListId="8c84fa94-04c1-424b-9868-57a2d4851a1d" relativeResultsDirectory="fa530617-7bdd-419f-8937-4be239c19760" />
    <UnitTestResult executionId="120e28be-3813-48ac-b372-fa76e3b80b95" testId="7edf5a4b-f8cc-40ca-952e-a196ec8c66f9" testName="SequenceTake" computerName="3c22fbe526e6" duration="00:00:00.3131348" startTime="2022-05-25T13:08:34.3020530+02:00" endTime="2022-05-25T13:08:34.6154000+02:00" testType="13cdc9d9-ddb5-4fa4-a97d-d965ccfc6d4b" outcome="Passed" testListId="8c84fa94-04c1-424b-9868-57a2d4851a1d" relativeResultsDirectory="120e28be-3813-48ac-b372-fa76e3b80b95" />
    <UnitTestResult executionId="f27d6f31-79e0-47b6-8215-fd98bc92480c" testId="09c06819-f708-4d9d-8165-2e5bb481883c" testName="MapsKeys" computerName="3c22fbe526e6" duration="00:00:00.3246010" startTime="2022-05-25T13:08:36.3706380+02:00" endTime="2022-05-25T13:08:36.6954140+02:00" testType="13cdc9d9-ddb5-4fa4-a97d-d965ccfc6d4b" outcome="Passed" testListId="8c84fa94-04c1-424b-9868-57a2d4851a1d" relativeResultsDirectory="f27d6f31-79e0-47b6-8215-fd98bc92480c" />
    <UnitTestResult executionId="bcda8433-17a2-4610-aeb9-c0f19d9b51d7" testId="a58b26e9-6c87-458e-8ba5-9d0bc1b0c5bb" testName="EnsureItIsPossibleToLoadAPluginWithArguments" computerName="3c22fbe526e6" duration="00:00:00.2384984" startTime="2022-05-25T13:08:43.9726660+02:00" endTime="2022-05-25T13:08:44.2113580+02:00" testType="13cdc9d9-ddb5-4fa4-a97d-d965ccfc6d4b" outcome="Passed" testListId="8c84fa94-04c1-424b-9868-57a2d4851a1d" relativeResultsDirectory="bcda8433-17a2-4610-aeb9-c0f19d9b51d7">
      <Output>
        <StdOut>This should not crash the LSP</StdOut>
      </Output>
    </UnitTestResult>
    <UnitTestResult executionId="f4a35703-5683-48c7-b51a-48b8599ea2eb" testId="b805225d-a11d-4c43-8eae-fbe6774772b0" testName="VerificationErrorsOfDocumentAreNotCapturedIfAutoVerificationIsNotOnChange" computerName="3c22fbe526e6" duration="00:00:00.3630672" startTime="2022-05-25T13:09:28.7685090+02:00" endTime="2022-05-25T13:09:29.1317310+02:00" testType="13cdc9d9-ddb5-4fa4-a97d-d965ccfc6d4b" outcome="Passed" testListId="8c84fa94-04c1-424b-9868-57a2d4851a1d" relativeResultsDirectory="f4a35703-5683-48c7-b51a-48b8599ea2eb" />
    <UnitTestResult executionId="10b170a2-b15b-48f2-a429-2eccd3291a51" testId="29b3db65-83d5-441c-af6d-c3f5341bfa58" testName="DocumentWithResolverErrorsSendsResolutionFailedStatus" computerName="3c22fbe526e6" duration="00:00:00.2520435" startTime="2022-05-25T13:08:03.9420170+02:00" endTime="2022-05-25T13:08:04.1943130+02:00" testType="13cdc9d9-ddb5-4fa4-a97d-d965ccfc6d4b" outcome="Passed" testListId="8c84fa94-04c1-424b-9868-57a2d4851a1d" relativeResultsDirectory="10b170a2-b15b-48f2-a429-2eccd3291a51" />
    <UnitTestResult executionId="240d6542-91bf-45ab-9a30-7182f9cdec29" testId="4eb46d69-b5e7-4cc9-850b-842c7d97d7f2" testName="DefinitionOfVariableShadowingFieldReturnsTheFieldIfThisIsUsed" computerName="3c22fbe526e6" duration="00:00:00.2304863" startTime="2022-05-25T13:09:42.6227720+02:00" endTime="2022-05-25T13:09:42.8533910+02:00" testType="13cdc9d9-ddb5-4fa4-a97d-d965ccfc6d4b" outcome="Passed" testListId="8c84fa94-04c1-424b-9868-57a2d4851a1d" relativeResultsDirectory="240d6542-91bf-45ab-9a30-7182f9cdec29" />
    <UnitTestResult executionId="d8b48fb8-7556-4b35-b8fc-dd47b0edbb9b" testId="cd1e8ef9-200e-4b7a-b05f-48555a78acde" testName="ApplyingMultipleChangesInDocumentOnlySendsOneReport" computerName="3c22fbe526e6" duration="00:00:00.3255714" startTime="2022-05-25T13:09:01.7475470+02:00" endTime="2022-05-25T13:09:02.0732640+02:00" testType="13cdc9d9-ddb5-4fa4-a97d-d965ccfc6d4b" outcome="Passed" testListId="8c84fa94-04c1-424b-9868-57a2d4851a1d" relativeResultsDirectory="d8b48fb8-7556-4b35-b8fc-dd47b0edbb9b" />
    <UnitTestResult executionId="10af6996-57af-41ed-99be-b629bbaecd50" testId="9bcb3666-c68e-471e-876d-4532920b58c0" testName="HoveringMethodInvocationOfDataTypeReturnsMethodSignature" computerName="3c22fbe526e6" duration="00:00:00.3151297" startTime="2022-05-25T13:09:48.6113760+02:00" endTime="2022-05-25T13:09:48.9266700+02:00" testType="13cdc9d9-ddb5-4fa4-a97d-d965ccfc6d4b" outcome="Passed" testListId="8c84fa94-04c1-424b-9868-57a2d4851a1d" relativeResultsDirectory="10af6996-57af-41ed-99be-b629bbaecd50" />
    <UnitTestResult executionId="79a164b2-36dd-4cbd-b317-bdbe609ea6b7" testId="7367d11f-03f1-4d47-8743-e1ac4e7555e7" testName="CompleteOnThisReturnsClassMembers" computerName="3c22fbe526e6" duration="00:00:00.2968447" startTime="2022-05-25T13:10:03.3792560+02:00" endTime="2022-05-25T13:10:03.6763810+02:00" testType="13cdc9d9-ddb5-4fa4-a97d-d965ccfc6d4b" outcome="Passed" testListId="8c84fa94-04c1-424b-9868-57a2d4851a1d" relativeResultsDirectory="79a164b2-36dd-4cbd-b317-bdbe609ea6b7" />
    <UnitTestResult executionId="08a107bd-ead0-4ad4-bbb9-1633974b6216" testId="b47be534-40cb-4edb-a04d-ceebfdc20062" testName="MigrationMovesLinesOfSymbolsAfterWhenRemovingInTheMiddle" computerName="3c22fbe526e6" duration="00:00:00.2126154" startTime="2022-05-25T13:09:26.8335390+02:00" endTime="2022-05-25T13:09:27.0462510+02:00" testType="13cdc9d9-ddb5-4fa4-a97d-d965ccfc6d4b" outcome="Passed" testListId="8c84fa94-04c1-424b-9868-57a2d4851a1d" relativeResultsDirectory="08a107bd-ead0-4ad4-bbb9-1633974b6216" />
    <UnitTestResult executionId="09091405-0def-4fdb-b250-b10fb536d759" testId="7125349f-88f7-4c47-a5db-3d8e17c83d8f" testName="HoveringMethodInvocationOfMethodDeclaredInSameDocumentReturnsSignature" computerName="3c22fbe526e6" duration="00:00:00.2315752" startTime="2022-05-25T13:09:45.0292650+02:00" endTime="2022-05-25T13:09:45.2612860+02:00" testType="13cdc9d9-ddb5-4fa4-a97d-d965ccfc6d4b" outcome="Passed" testListId="8c84fa94-04c1-424b-9868-57a2d4851a1d" relativeResultsDirectory="09091405-0def-4fdb-b250-b10fb536d759" />
    <UnitTestResult executionId="3c54f4ed-34d8-4bee-8bc1-87b8afde5abb" testId="d41c3de7-d7a6-4c3f-8e23-b74f68642331" testName="CorrectDocumentCanBeParsedResolvedAndVerifiedWithoutErrors" computerName="3c22fbe526e6" duration="00:00:00.1943398" startTime="2022-05-25T13:09:27.8932250+02:00" endTime="2022-05-25T13:09:28.0878730+02:00" testType="13cdc9d9-ddb5-4fa4-a97d-d965ccfc6d4b" outcome="Passed" testListId="8c84fa94-04c1-424b-9868-57a2d4851a1d" relativeResultsDirectory="3c54f4ed-34d8-4bee-8bc1-87b8afde5abb" />
    <UnitTestResult executionId="622168e8-0e49-4145-b3d5-e66044b472ad" testId="f5d555cc-d04b-4e78-92cc-1e31e0c26046" testName="ArbitraryReal" computerName="3c22fbe526e6" duration="00:00:00.3147189" startTime="2022-05-25T13:08:26.6248300+02:00" endTime="2022-05-25T13:08:26.9397360+02:00" testType="13cdc9d9-ddb5-4fa4-a97d-d965ccfc6d4b" outcome="Passed" testListId="8c84fa94-04c1-424b-9868-57a2d4851a1d" relativeResultsDirectory="622168e8-0e49-4145-b3d5-e66044b472ad" />
    <UnitTestResult executionId="cad8d982-edeb-4e9d-906b-aa34433bff5e" testId="5701e260-64ed-40c5-b04d-75ab8f22b1cb" testName="HoveringParameterOfMethodReturnsTheUserDefinedType" computerName="3c22fbe526e6" duration="00:00:00.2836515" startTime="2022-05-25T13:09:47.8895660+02:00" endTime="2022-05-25T13:09:48.1733600+02:00" testType="13cdc9d9-ddb5-4fa4-a97d-d965ccfc6d4b" outcome="Passed" testListId="8c84fa94-04c1-424b-9868-57a2d4851a1d" relativeResultsDirectory="cad8d982-edeb-4e9d-906b-aa34433bff5e" />
    <UnitTestResult executionId="387bf363-65ea-48d9-bb0b-a77546145b8c" testId="69ad92c2-18e2-43c2-8246-c529b4ead359" testName="SequenceDrop" computerName="3c22fbe526e6" duration="00:00:00.2958732" startTime="2022-05-25T13:08:34.0058990+02:00" endTime="2022-05-25T13:08:34.3019710+02:00" testType="13cdc9d9-ddb5-4fa4-a97d-d965ccfc6d4b" outcome="Passed" testListId="8c84fa94-04c1-424b-9868-57a2d4851a1d" relativeResultsDirectory="387bf363-65ea-48d9-bb0b-a77546145b8c" />
    <UnitTestResult executionId="be482834-95f0-40fa-b6f3-f138e196f9f1" testId="3b38feb0-cf10-42c3-91ce-2381e501975d" testName="ImplicitlyIncludingTheSameModuleTwiceDoesNotResultInDuplicateError" computerName="3c22fbe526e6" duration="00:00:00.2679519" startTime="2022-05-25T13:08:41.0430040+02:00" endTime="2022-05-25T13:08:41.3112370+02:00" testType="13cdc9d9-ddb5-4fa4-a97d-d965ccfc6d4b" outcome="Passed" testListId="8c84fa94-04c1-424b-9868-57a2d4851a1d" relativeResultsDirectory="be482834-95f0-40fa-b6f3-f138e196f9f1" />
    <UnitTestResult executionId="151ef1af-b85a-4895-94d7-0601073c0996" testId="be9a589a-5a58-4a16-a570-bec5a284ec65" testName="DefinitionOfMethodInvocationOfMethodDeclaredInSameDocumentReturnsLocation" computerName="3c22fbe526e6" duration="00:00:00.3206041" startTime="2022-05-25T13:09:41.0316760+02:00" endTime="2022-05-25T13:09:41.3537990+02:00" testType="13cdc9d9-ddb5-4fa4-a97d-d965ccfc6d4b" outcome="Passed" testListId="8c84fa94-04c1-424b-9868-57a2d4851a1d" relativeResultsDirectory="151ef1af-b85a-4895-94d7-0601073c0996" />
    <UnitTestResult executionId="04bf4226-9f54-474b-a1c7-2cf7f9f44c4c" testId="e56d71aa-58cf-4869-a135-a94bf67f416e" testName="DefinitionOfFunctionInvocationOfFunctionDeclaredInForeignDocumentReturnsLocation" computerName="3c22fbe526e6" duration="00:00:00.3190294" startTime="2022-05-25T13:09:41.8024110+02:00" endTime="2022-05-25T13:09:42.1215830+02:00" testType="13cdc9d9-ddb5-4fa4-a97d-d965ccfc6d4b" outcome="Passed" testListId="8c84fa94-04c1-424b-9868-57a2d4851a1d" relativeResultsDirectory="04bf4226-9f54-474b-a1c7-2cf7f9f44c4c" />
    <UnitTestResult executionId="af1a0959-5887-4459-a0bf-5adba2d825b2" testId="c74dc007-8881-46b8-bf3e-cd1b8137d5f0" testName="SequenceSingleElement" computerName="3c22fbe526e6" duration="00:00:00.3972921" startTime="2022-05-25T13:08:32.6186080+02:00" endTime="2022-05-25T13:08:33.0160690+02:00" testType="13cdc9d9-ddb5-4fa4-a97d-d965ccfc6d4b" outcome="Passed" testListId="8c84fa94-04c1-424b-9868-57a2d4851a1d" relativeResultsDirectory="af1a0959-5887-4459-a0bf-5adba2d825b2" />
    <UnitTestResult executionId="e358f26e-8289-4cfc-85f1-7864ca856242" testId="7a9a027e-c3a2-41ee-af6c-d0cdcf455cb2" testName="ReplaceMultiLineTextInTheMiddleOfALine" computerName="3c22fbe526e6" duration="00:00:00.2709559" startTime="2022-05-25T13:09:36.0986870+02:00" endTime="2022-05-25T13:09:36.3697610+02:00" testType="13cdc9d9-ddb5-4fa4-a97d-d965ccfc6d4b" outcome="Passed" testListId="8c84fa94-04c1-424b-9868-57a2d4851a1d" relativeResultsDirectory="e358f26e-8289-4cfc-85f1-7864ca856242" />
    <UnitTestResult executionId="48a80e22-a311-4626-98d7-2e3458a0a4e6" testId="06298343-9feb-4f47-9d38-caf6c286ff90" testName="HoveringDeclarationVariableReturnsInferredVariableType" computerName="3c22fbe526e6" duration="00:00:00.2314754" startTime="2022-05-25T13:09:49.2379330+02:00" endTime="2022-05-25T13:09:49.4695260+02:00" testType="13cdc9d9-ddb5-4fa4-a97d-d965ccfc6d4b" outcome="Passed" testListId="8c84fa94-04c1-424b-9868-57a2d4851a1d" relativeResultsDirectory="48a80e22-a311-4626-98d7-2e3458a0a4e6" />
    <UnitTestResult executionId="ecd206ef-393d-4e6b-80ab-6b96e8a49d47" testId="24cf18e6-e670-42c3-8fcf-b8a70fdf40f3" testName="EmptyDocumentCanBeIncluded" computerName="3c22fbe526e6" duration="00:00:00.1668877" startTime="2022-05-25T13:09:29.5066220+02:00" endTime="2022-05-25T13:09:29.6736020+02:00" testType="13cdc9d9-ddb5-4fa4-a97d-d965ccfc6d4b" outcome="Passed" testListId="8c84fa94-04c1-424b-9868-57a2d4851a1d" relativeResultsDirectory="ecd206ef-393d-4e6b-80ab-6b96e8a49d47" />
    <UnitTestResult executionId="079eb316-33a7-4d12-a58e-bb084079fbe3" testId="4ec6f548-f3a8-45a5-ad2b-df9543fbfbca" testName="VerificationDiagnosticsCanBeMigratedAcrossMultipleResolutions" computerName="3c22fbe526e6" duration="00:00:00.3638475" startTime="2022-05-25T13:08:40.3148260+02:00" endTime="2022-05-25T13:08:40.6788440+02:00" testType="13cdc9d9-ddb5-4fa4-a97d-d965ccfc6d4b" outcome="Passed" testListId="8c84fa94-04c1-424b-9868-57a2d4851a1d" relativeResultsDirectory="079eb316-33a7-4d12-a58e-bb084079fbe3" />
    <UnitTestResult executionId="ef1700e5-7c4a-476e-8416-65e41717279b" testId="8fc449b0-e331-4442-a745-31cb47eb6a9e" testName="SequenceSub" computerName="3c22fbe526e6" duration="00:00:00.3025801" startTime="2022-05-25T13:08:33.7030560+02:00" endTime="2022-05-25T13:08:34.0058150+02:00" testType="13cdc9d9-ddb5-4fa4-a97d-d965ccfc6d4b" outcome="Passed" testListId="8c84fa94-04c1-424b-9868-57a2d4851a1d" relativeResultsDirectory="ef1700e5-7c4a-476e-8416-65e41717279b" />
    <UnitTestResult executionId="04ab4a66-45b7-4287-9b7d-cfbe7e94bc54" testId="ea9b5cae-c065-416e-ae4f-74c0099600eb" testName="ChangeDocumentCancelsPreviousOpenAndChangeVerification" computerName="3c22fbe526e6" duration="00:00:00.3930631" startTime="2022-05-25T13:08:13.6952020+02:00" endTime="2022-05-25T13:08:14.0884570+02:00" testType="13cdc9d9-ddb5-4fa4-a97d-d965ccfc6d4b" outcome="Passed" testListId="8c84fa94-04c1-424b-9868-57a2d4851a1d" relativeResultsDirectory="04ab4a66-45b7-4287-9b7d-cfbe7e94bc54" />
    <UnitTestResult executionId="f500e9aa-5cee-4e65-b73b-b2d3991f5afd" testId="fca27ba9-c49a-44f3-83d2-255943d8df17" testName="HoveringParentTraitOfUserDefinedTypeReturnsTheParentTrait" computerName="3c22fbe526e6" duration="00:00:00.2321952" startTime="2022-05-25T13:09:48.1734460+02:00" endTime="2022-05-25T13:09:48.4058150+02:00" testType="13cdc9d9-ddb5-4fa4-a97d-d965ccfc6d4b" outcome="Passed" testListId="8c84fa94-04c1-424b-9868-57a2d4851a1d" relativeResultsDirectory="f500e9aa-5cee-4e65-b73b-b2d3991f5afd" />
    <UnitTestResult executionId="c7e0d36c-9c55-4264-a3ec-15f9c41d50b8" testId="21cb584e-585c-4884-9299-f47c4ff51c57" testName="EnsureErrorMessageCanBeComplexAndTakeIntoAccountConfiguration" computerName="3c22fbe526e6" duration="00:00:02.3456566" startTime="2022-05-25T13:08:41.6266640+02:00" endTime="2022-05-25T13:08:43.9726190+02:00" testType="13cdc9d9-ddb5-4fa4-a97d-d965ccfc6d4b" outcome="Passed" testListId="8c84fa94-04c1-424b-9868-57a2d4851a1d" relativeResultsDirectory="c7e0d36c-9c55-4264-a3ec-15f9c41d50b8" />
    <UnitTestResult executionId="f015e821-4901-4f65-bccb-a4b72a350aee" testId="3e8d414e-71df-4517-8c6e-9f9051060c53" testName="CompleteOnMemberAccessChainRespectsCompleteChain" computerName="3c22fbe526e6" duration="00:00:00.2525447" startTime="2022-05-25T13:10:05.2177020+02:00" endTime="2022-05-25T13:10:05.4703510+02:00" testType="13cdc9d9-ddb5-4fa4-a97d-d965ccfc6d4b" outcome="Passed" testListId="8c84fa94-04c1-424b-9868-57a2d4851a1d" relativeResultsDirectory="f015e821-4901-4f65-bccb-a4b72a350aee" />
    <UnitTestResult executionId="40e7c3b4-4563-4d1f-8998-fc46b0689a1b" testId="ff11252d-a90d-4a9a-8f3f-804091f05ff7" testName="DefinitionReturnsBeforeVerificationIsComplete" computerName="3c22fbe526e6" duration="00:00:00.2098562" startTime="2022-05-25T13:09:41.3538790+02:00" endTime="2022-05-25T13:09:41.5639000+02:00" testType="13cdc9d9-ddb5-4fa4-a97d-d965ccfc6d4b" outcome="Passed" testListId="8c84fa94-04c1-424b-9868-57a2d4851a1d" relativeResultsDirectory="40e7c3b4-4563-4d1f-8998-fc46b0689a1b" />
    <UnitTestResult executionId="5317c3c4-50ca-4715-becc-1c5859454de3" testId="6cf5aa91-dc66-41ae-a042-446b9c2fbbfa" testName="ModuleRenaming" computerName="3c22fbe526e6" duration="00:00:00.4464357" startTime="2022-05-25T13:08:37.3779850+02:00" endTime="2022-05-25T13:08:37.8245880+02:00" testType="13cdc9d9-ddb5-4fa4-a97d-d965ccfc6d4b" outcome="Passed" testListId="8c84fa94-04c1-424b-9868-57a2d4851a1d" relativeResultsDirectory="5317c3c4-50ca-4715-becc-1c5859454de3" />
    <UnitTestResult executionId="478d772c-a3a4-4c76-a148-986015a2fc2f" testId="6ed44f6c-2cd5-4a2a-84a9-0146c0518232" testName="OpeningDocumentWithSyntaxErrorReportsDiagnosticsWithParserErrors" computerName="3c22fbe526e6" duration="00:00:00.2322798" startTime="2022-05-25T13:08:58.1751560+02:00" endTime="2022-05-25T13:08:58.4075710+02:00" testType="13cdc9d9-ddb5-4fa4-a97d-d965ccfc6d4b" outcome="Passed" testListId="8c84fa94-04c1-424b-9868-57a2d4851a1d" relativeResultsDirectory="478d772c-a3a4-4c76-a148-986015a2fc2f" />
    <UnitTestResult executionId="46efba91-7ded-494d-b7a1-a3d30ec60ed1" testId="40ff3a50-f174-4658-80b0-a2a5786d0d51" testName="HoveringTypeOfFieldReturnsTheUserDefinedType" computerName="3c22fbe526e6" duration="00:00:00.2396525" startTime="2022-05-25T13:09:47.2887960+02:00" endTime="2022-05-25T13:09:47.5451680+02:00" testType="13cdc9d9-ddb5-4fa4-a97d-d965ccfc6d4b" outcome="Passed" testListId="8c84fa94-04c1-424b-9868-57a2d4851a1d" relativeResultsDirectory="46efba91-7ded-494d-b7a1-a3d30ec60ed1" />
    <UnitTestResult executionId="da0029b9-765b-41f8-9b42-2b8fcb566d10" testId="33220d01-9b9d-43ee-b613-497096e9b9e8" testName="MethodRenameDoesNotAffectMigration" computerName="3c22fbe526e6" duration="00:00:00.2988224" startTime="2022-05-25T13:09:22.4798810+02:00" endTime="2022-05-25T13:09:22.7788930+02:00" testType="13cdc9d9-ddb5-4fa4-a97d-d965ccfc6d4b" outcome="Passed" testListId="8c84fa94-04c1-424b-9868-57a2d4851a1d" relativeResultsDirectory="da0029b9-765b-41f8-9b42-2b8fcb566d10" />
    <UnitTestResult executionId="afa01835-d4d4-4c02-8431-10583a27e8e1" testId="aa9b0e9c-35cb-4a9e-81da-884326b39493" testName="InsertTextInTheMiddle" computerName="3c22fbe526e6" duration="00:00:00.2691745" startTime="2022-05-25T13:09:33.3877620+02:00" endTime="2022-05-25T13:09:33.6570740+02:00" testType="13cdc9d9-ddb5-4fa4-a97d-d965ccfc6d4b" outcome="Passed" testListId="8c84fa94-04c1-424b-9868-57a2d4851a1d" relativeResultsDirectory="afa01835-d4d4-4c02-8431-10583a27e8e1" />
    <UnitTestResult executionId="8c23d0e2-7dc1-4f11-8ec8-bf21dee9a5e7" testId="ef78fdeb-c8b6-4747-8b23-af0e22d3258a" testName="CompleteOnShadowedVariableReturnsCompletionOfClassIfPrefixedWithThis" computerName="3c22fbe526e6" duration="00:00:00.2552584" startTime="2022-05-25T13:10:04.9622730+02:00" endTime="2022-05-25T13:10:05.2176650+02:00" testType="13cdc9d9-ddb5-4fa4-a97d-d965ccfc6d4b" outcome="Passed" testListId="8c84fa94-04c1-424b-9868-57a2d4851a1d" relativeResultsDirectory="8c23d0e2-7dc1-4f11-8ec8-bf21dee9a5e7" />
    <UnitTestResult executionId="cd580f4b-2361-4496-88d3-a3dbf61d579b" testId="ec0bbeda-f9b2-438b-9b07-9e65757b2dbc" testName="ReplaceMultiLineTextAtEnd" computerName="3c22fbe526e6" duration="00:00:00.2777349" startTime="2022-05-25T13:09:35.3081330+02:00" endTime="2022-05-25T13:09:35.5859850+02:00" testType="13cdc9d9-ddb5-4fa4-a97d-d965ccfc6d4b" outcome="Passed" testListId="8c84fa94-04c1-424b-9868-57a2d4851a1d" relativeResultsDirectory="cd580f4b-2361-4496-88d3-a3dbf61d579b" />
    <UnitTestResult executionId="4980872c-0798-468e-a3d6-afd83e55d313" testId="89a1ee46-3945-4e83-a390-20a5e31de121" testName="DatatypeWithDestructorsWhoseNamesShadowBuiltInDestructors" computerName="3c22fbe526e6" duration="00:00:00.3409673" startTime="2022-05-25T13:08:25.1516400+02:00" endTime="2022-05-25T13:08:25.4931800+02:00" testType="13cdc9d9-ddb5-4fa4-a97d-d965ccfc6d4b" outcome="Passed" testListId="8c84fa94-04c1-424b-9868-57a2d4851a1d" relativeResultsDirectory="4980872c-0798-468e-a3d6-afd83e55d313" />
    <UnitTestResult executionId="9af49be3-bfe4-4bf6-b12d-28d5646fab41" testId="6f7bd898-4ae7-4080-a8e4-dfa256faded6" testName="ArrayEqualityByReference" computerName="3c22fbe526e6" duration="00:00:00.2925972" startTime="2022-05-25T13:08:31.0588570+02:00" endTime="2022-05-25T13:08:31.3515830+02:00" testType="13cdc9d9-ddb5-4fa4-a97d-d965ccfc6d4b" outcome="Passed" testListId="8c84fa94-04c1-424b-9868-57a2d4851a1d" relativeResultsDirectory="9af49be3-bfe4-4bf6-b12d-28d5646fab41" />
    <UnitTestResult executionId="4fd20d1a-72c7-4ed6-beab-6d95d52fc43a" testId="4fe41e6c-ca35-4cfb-a03a-762eea718d2b" testName="ReplaceSingleLineTextAtEnd" computerName="3c22fbe526e6" duration="00:00:00.2773128" startTime="2022-05-25T13:09:35.0306460+02:00" endTime="2022-05-25T13:09:35.3080990+02:00" testType="13cdc9d9-ddb5-4fa4-a97d-d965ccfc6d4b" outcome="Passed" testListId="8c84fa94-04c1-424b-9868-57a2d4851a1d" relativeResultsDirectory="4fd20d1a-72c7-4ed6-beab-6d95d52fc43a" />
    <UnitTestResult executionId="9a41b16b-e53c-4b84-bf7a-c15b435ad7da" testId="a711e250-b222-42f8-9c22-a098527d4241" testName="ResolutionDiagnosticsContainPreviousVerificationResultsWhenCodeIsInsertedBefore" computerName="3c22fbe526e6" duration="00:00:00.3542634" startTime="2022-05-25T13:08:38.6426080+02:00" endTime="2022-05-25T13:08:38.9970390+02:00" testType="13cdc9d9-ddb5-4fa4-a97d-d965ccfc6d4b" outcome="Passed" testListId="8c84fa94-04c1-424b-9868-57a2d4851a1d" relativeResultsDirectory="9a41b16b-e53c-4b84-bf7a-c15b435ad7da" />
    <UnitTestResult executionId="be91b044-6b54-4ecc-8f5f-e44a7216d211" testId="fb894864-3e8e-480d-b026-7c99bd1eca6b" testName="OpeningDocumentWithTimeoutReportsTimeoutDiagnostic" computerName="3c22fbe526e6" duration="00:00:01.5714953" startTime="2022-05-25T13:09:07.8552910+02:00" endTime="2022-05-25T13:09:09.4269570+02:00" testType="13cdc9d9-ddb5-4fa4-a97d-d965ccfc6d4b" outcome="Passed" testListId="8c84fa94-04c1-424b-9868-57a2d4851a1d" relativeResultsDirectory="be91b044-6b54-4ecc-8f5f-e44a7216d211" />
    <UnitTestResult executionId="3c951b63-cbd6-4eb8-9689-2c0708ce1856" testId="be879894-cd3f-4263-abc7-31c3d3066929" testName="ReplaceSingleLineTextInTheMiddleOfALine" computerName="3c22fbe526e6" duration="00:00:00.2205724" startTime="2022-05-25T13:09:35.8779820+02:00" endTime="2022-05-25T13:09:36.0986540+02:00" testType="13cdc9d9-ddb5-4fa4-a97d-d965ccfc6d4b" outcome="Passed" testListId="8c84fa94-04c1-424b-9868-57a2d4851a1d" relativeResultsDirectory="3c951b63-cbd6-4eb8-9689-2c0708ce1856" />
    <UnitTestResult executionId="022a8882-41a1-45e8-b367-68162c502b55" testId="97dbd7eb-45b6-4b60-8a5e-e191cc851d06" testName="InsertTextAtStart" computerName="3c22fbe526e6" duration="00:00:00.3217105" startTime="2022-05-25T13:09:32.7797060+02:00" endTime="2022-05-25T13:09:33.1016600+02:00" testType="13cdc9d9-ddb5-4fa4-a97d-d965ccfc6d4b" outcome="Passed" testListId="8c84fa94-04c1-424b-9868-57a2d4851a1d" relativeResultsDirectory="022a8882-41a1-45e8-b367-68162c502b55" />
    <UnitTestResult executionId="24193860-cf07-43cf-8e9a-e8b5b70bdc0c" testId="55d1ef9e-653e-4385-9ed9-fbec1608bd1f" testName="OpeningFlawlessDocumentWithGhostMarkStatementsMarksGhostAssignments" computerName="3c22fbe526e6" duration="00:00:00.4207433" startTime="2022-05-25T13:09:24.9568520+02:00" endTime="2022-05-25T13:09:25.3777730+02:00" testType="13cdc9d9-ddb5-4fa4-a97d-d965ccfc6d4b" outcome="Passed" testListId="8c84fa94-04c1-424b-9868-57a2d4851a1d" relativeResultsDirectory="24193860-cf07-43cf-8e9a-e8b5b70bdc0c" />
    <UnitTestResult executionId="884a390f-7704-401b-9d6d-a3ec57476265" testId="e3c52d8c-db09-4bda-98ef-957bf1bddcfc" testName="StrongNestingDoesNotCauseStackOverlfow" computerName="3c22fbe526e6" duration="00:00:00.6214080" startTime="2022-05-25T13:08:49.8955630+02:00" endTime="2022-05-25T13:08:50.5174540+02:00" testType="13cdc9d9-ddb5-4fa4-a97d-d965ccfc6d4b" outcome="Passed" testListId="8c84fa94-04c1-424b-9868-57a2d4851a1d" relativeResultsDirectory="884a390f-7704-401b-9d6d-a3ec57476265" />
[...]
    <TestEntry testId="e3c52d8c-db09-4bda-98ef-957bf1bddcfc" executionId="884a390f-7704-401b-9d6d-a3ec57476265" testListId="8c84fa94-04c1-424b-9868-57a2d4851a1d" />
    <TestEntry testId="2bc07a03-1ef4-4da5-85ea-27ffb8dc18ab" executionId="476bd83f-4b68-4dc2-9b5d-37ee1820e0d0" testListId="8c84fa94-04c1-424b-9868-57a2d4851a1d" />
    <TestEntry testId="8ef86f93-3700-4a9a-8dd1-89555f2d1895" executionId="215ff16d-381b-4042-9d63-7749cffa0414" testListId="8c84fa94-04c1-424b-9868-57a2d4851a1d" />
    <TestEntry testId="d0a6fcec-cf4e-4dde-bff7-30fdf212eb4d" executionId="5f470d9e-9467-4ac5-90f1-e59d927ce310" testListId="8c84fa94-04c1-424b-9868-57a2d4851a1d" />
    <TestEntry testId="8f569dd9-5d8e-467b-ad15-9046fe17d6b9" executionId="00490c60-7850-44da-a98b-5351a6ba89c7" testListId="8c84fa94-04c1-424b-9868-57a2d4851a1d" />
    <TestEntry testId="f4f92a12-907c-4df5-ab51-0fdbb32e8445" executionId="7d3042dd-0f22-4ebd-a3fb-299a52419ec5" testListId="8c84fa94-04c1-424b-9868-57a2d4851a1d" />
    <TestEntry testId="5ae85d92-6778-47fe-9efa-26f7fc3ecef8" executionId="bd619cbf-ea6c-405f-b200-18f221ceaabe" testListId="8c84fa94-04c1-424b-9868-57a2d4851a1d" />
    <TestEntry testId="9a2a13f0-f36f-4d27-972d-a5b3e5dbf151" executionId="144db15c-7648-4c41-9eb0-3cd939a81b43" testListId="8c84fa94-04c1-424b-9868-57a2d4851a1d" />
    <TestEntry testId="91951f28-2894-4ae9-800b-58ff989b079b" executionId="f14c2f7b-cdc6-4150-903d-9e6f35ad5350" testListId="8c84fa94-04c1-424b-9868-57a2d4851a1d" />
    <TestEntry testId="0e4acc53-f7b6-402d-9ed7-1e92e6df7554" executionId="0b12f6ce-52a5-459e-89f8-cbbd680fc9a3" testListId="8c84fa94-04c1-424b-9868-57a2d4851a1d" />
    <TestEntry testId="2deeb64c-6b42-400d-938a-dcfb17f7f885" executionId="526a5c56-6cc5-43ff-a940-728a02200014" testListId="8c84fa94-04c1-424b-9868-57a2d4851a1d" />
    <TestEntry testId="a0d203cb-c93a-4c2b-ba08-a882dee1bf7d" executionId="76059abf-36b9-46ce-bfbb-195c3de2a6f9" testListId="8c84fa94-04c1-424b-9868-57a2d4851a1d" />
    <TestEntry testId="cb365434-a441-455e-9686-c4872d66b5a1" executionId="a2139bb3-e9a8-4dff-9d5a-49bbd444d6ec" testListId="8c84fa94-04c1-424b-9868-57a2d4851a1d" />
    <TestEntry testId="01413df6-5915-4c4a-964a-3a572f3f37d5" executionId="ec656d16-4432-4051-b55e-f9265ad2a084" testListId="8c84fa94-04c1-424b-9868-57a2d4851a1d" />
    <TestEntry testId="d5856c36-0a3e-41d3-ba66-1c1d77dca010" executionId="3b5a7968-5b4d-447c-981b-e5222bf8dd36" testListId="8c84fa94-04c1-424b-9868-57a2d4851a1d" />
    <TestEntry testId="ad350d95-7815-4b8f-9ab8-5be1957654b0" executionId="cbca2c53-3fc8-4498-8403-b2102dbf0ef0" testListId="8c84fa94-04c1-424b-9868-57a2d4851a1d" />
    <TestEntry testId="b0133630-255f-412e-ba19-1f41aa35f38c" executionId="a1951041-2b13-4443-a1a2-7b4ac658409b" testListId="8c84fa94-04c1-424b-9868-57a2d4851a1d" />
    <TestEntry testId="143a4a0c-6225-4f9a-aa12-e930624ad3e8" executionId="97257da3-adf7-4f5e-8649-5dac50239c2e" testListId="8c84fa94-04c1-424b-9868-57a2d4851a1d" />
    <TestEntry testId="ea1abc0b-093c-4b03-addb-5050e59379f0" executionId="352f968c-8464-47da-94f5-039ff72fb35c" testListId="8c84fa94-04c1-424b-9868-57a2d4851a1d" />
    <TestEntry testId="f5b0a341-302b-4214-853b-a6a0888680f3" executionId="b34feee3-323a-4d54-8b7e-196f6b4c96e9" testListId="8c84fa94-04c1-424b-9868-57a2d4851a1d" />
    <TestEntry testId="c4dd8b00-3ebc-443c-8bd1-056827b64e4f" executionId="abdd55b6-e73e-479d-b623-9a71a2951892" testListId="8c84fa94-04c1-424b-9868-57a2d4851a1d" />
    <TestEntry testId="acdb9136-9f9a-4ac6-81c5-b39e879c1a86" executionId="1d2703e3-3bde-4785-a27e-206f40affc78" testListId="8c84fa94-04c1-424b-9868-57a2d4851a1d" />
    <TestEntry testId="a831a85a-3234-4771-92a5-e3aafedf32cd" executionId="94ea9cee-747b-4618-84c0-da444e07628c" testListId="8c84fa94-04c1-424b-9868-57a2d4851a1d" />
    <TestEntry testId="56d7dbca-5e95-4c3c-ae68-70d7e3bbd8e3" executionId="8ea90948-72f4-44b2-b360-c008e4a1a740" testListId="8c84fa94-04c1-424b-9868-57a2d4851a1d" />
    <TestEntry testId="bc625521-6355-4334-a7b5-e4c140f42bb5" executionId="9d4c8b1e-8cff-4b77-945a-f4020abc4a14" testListId="8c84fa94-04c1-424b-9868-57a2d4851a1d" />
    <TestEntry testId="0863b13f-24f0-4288-8331-1becb3dc038e" executionId="f9ff85ec-2e02-4fb1-a7ed-ef412fd5e5ca" testListId="8c84fa94-04c1-424b-9868-57a2d4851a1d" />
    <TestEntry testId="5baf6adc-1679-4cec-accd-1e468955f4b0" executionId="3b37e6f8-e029-4c79-852a-4424a43e209d" testListId="8c84fa94-04c1-424b-9868-57a2d4851a1d" />
    <TestEntry testId="4d72c5a2-f6f1-422b-9224-e6aae4d680d4" executionId="54aed236-7eba-4177-a6ab-deccde72085b" testListId="8c84fa94-04c1-424b-9868-57a2d4851a1d" />
    <TestEntry testId="124e812a-9cef-4351-9837-e8652083523d" executionId="94b094f8-b83f-423a-aca4-a4a7e3df26b5" testListId="8c84fa94-04c1-424b-9868-57a2d4851a1d" />
    <TestEntry testId="350ccacb-7fa6-4f40-b079-f14d8bb94b4d" executionId="4d5f96fc-68fc-45f5-b7cd-b4805922bdea" testListId="8c84fa94-04c1-424b-9868-57a2d4851a1d" />
    <TestEntry testId="047353e9-91b7-4457-bce8-988f68fcdb41" executionId="73a56e1a-e71a-4db3-ba79-645631bdfc52" testListId="8c84fa94-04c1-424b-9868-57a2d4851a1d" />
    <TestEntry testId="6cf23988-0575-46e1-8cb0-1794e6a9d17f" executionId="55fd1df5-a972-45bb-b7f0-3b71b50c7585" testListId="8c84fa94-04c1-424b-9868-57a2d4851a1d" />
    <TestEntry testId="66d9fa5f-0c7d-430e-bf66-d9992e3ddb66" executionId="beaf12bb-8961-424f-a2f3-b9399e6cf862" testListId="8c84fa94-04c1-424b-9868-57a2d4851a1d" />
    <TestEntry testId="7b6f18a3-8466-49f8-97be-1071a2f697ba" executionId="7b3ecf48-3b3b-4e95-9cac-5e4872cfc18e" testListId="8c84fa94-04c1-424b-9868-57a2d4851a1d" />
    <TestEntry testId="602f7842-19bc-44e5-83c0-918f2b6ad2df" executionId="fea8938f-8cff-443e-8d48-2768e582ce25" testListId="8c84fa94-04c1-424b-9868-57a2d4851a1d" />
    <TestEntry testId="ef288a39-8f96-4a63-b91b-50edaaaad35c" executionId="bf8c528f-9c0a-4a38-a8b2-c2ee99b40f32" testListId="8c84fa94-04c1-424b-9868-57a2d4851a1d" />
    <TestEntry testId="3d8ae2a0-43c8-4206-8397-71adb4199f99" executionId="e9be0a44-9506-43ce-93b5-063153656b92" testListId="8c84fa94-04c1-424b-9868-57a2d4851a1d" />
    <TestEntry testId="c693fff7-0c91-4e0b-aa8a-5567e3e7cb96" executionId="8f4e70c9-519d-4555-a5b4-079d11f51643" testListId="8c84fa94-04c1-424b-9868-57a2d4851a1d" />
    <TestEntry testId="3d726361-c7ff-4976-b60b-74122af62d8f" executionId="642ca5e4-7f11-4f44-9c25-233eb91edd5a" testListId="8c84fa94-04c1-424b-9868-57a2d4851a1d" />
    <TestEntry testId="a108819c-1927-41fc-9ed9-02ed92940f05" executionId="c57722de-ef43-4c33-9bbf-e1fc3363ab92" testListId="8c84fa94-04c1-424b-9868-57a2d4851a1d" />
    <TestEntry testId="46816170-3d8f-41d0-8cd5-9eeb6bd02614" executionId="168e2ee2-ddda-4150-b4fd-55207cfdccf1" testListId="8c84fa94-04c1-424b-9868-57a2d4851a1d" />
    <TestEntry testId="4f53d354-79a5-400c-a8c9-1b4ffb797cc4" executionId="53aa43b8-4eb0-4aef-b5b8-9a9080a08ef3" testListId="8c84fa94-04c1-424b-9868-57a2d4851a1d" />
    <TestEntry testId="c80a7955-7185-46ba-814f-4f49a563b1af" executionId="3f154892-bac4-474d-857d-7560befdf5a1" testListId="8c84fa94-04c1-424b-9868-57a2d4851a1d" />
    <TestEntry testId="d781be18-9891-4f3a-b377-fa58fb341234" executionId="43cf2270-b079-4cc6-9530-2fbb05d457b7" testListId="8c84fa94-04c1-424b-9868-57a2d4851a1d" />
    <TestEntry testId="1528ccfd-1abc-49be-848d-9f8ad8fe0baa" executionId="60b06d6f-dad1-499c-b1b1-816ac3cb0907" testListId="8c84fa94-04c1-424b-9868-57a2d4851a1d" />
    <TestEntry testId="e0c7d73c-2534-426c-b47d-dc93480b4dc0" executionId="a92cd214-2655-42f5-a95d-6d7f00162f07" testListId="8c84fa94-04c1-424b-9868-57a2d4851a1d" />
    <TestEntry testId="f28df76c-45bd-44df-ad4c-64bcf7c1af08" executionId="08e136b3-b021-41f5-8d5f-2f7c8905cf84" testListId="8c84fa94-04c1-424b-9868-57a2d4851a1d" />
    <TestEntry testId="f1cab6d3-c762-410e-933b-1df3f94d5014" executionId="20fa032f-d926-4cde-8901-03a4fabbd312" testListId="8c84fa94-04c1-424b-9868-57a2d4851a1d" />
    <TestEntry testId="a896395e-e4a5-441b-b3da-cb9be312be24" executionId="dca6a928-a20a-4cac-aed1-7b025a7381f4" testListId="8c84fa94-04c1-424b-9868-57a2d4851a1d" />
    <TestEntry testId="667a0db2-c817-46d3-85cf-e0c77a3bfa91" executionId="59c61e50-6661-4bea-91ab-bc2f0b6f0977" testListId="8c84fa94-04c1-424b-9868-57a2d4851a1d" />
    <TestEntry testId="5a20359f-1e99-483f-9b08-d2e2db024bea" executionId="9bd14e4d-5642-4451-85a0-f9c126b8885f" testListId="8c84fa94-04c1-424b-9868-57a2d4851a1d" />
    <TestEntry testId="6259a826-f08c-4a7f-82fa-c3a03a84b662" executionId="40b06cf9-b53b-4152-8a8f-3ba8bc973aba" testListId="8c84fa94-04c1-424b-9868-57a2d4851a1d" />
    <TestEntry testId="b3aca9ff-8bba-4c46-af7d-e7be0c09041a" executionId="99e407da-9a28-4ea6-885b-a4841868fc72" testListId="8c84fa94-04c1-424b-9868-57a2d4851a1d" />
    <TestEntry testId="24bb394c-e6d7-49bc-bd44-0c22cba5b6e6" executionId="729d429f-5041-46bf-9073-395dc4734918" testListId="8c84fa94-04c1-424b-9868-57a2d4851a1d" />
    <TestEntry testId="01a28cef-2d5a-4ded-aadd-f6c2cfe08d94" executionId="f82f67cd-482b-4d50-8cc5-fa5ce13693c9" testListId="8c84fa94-04c1-424b-9868-57a2d4851a1d" />
    <TestEntry testId="e0d8ccd7-9f7d-4e12-aebf-fa9a3acb3bde" executionId="8c5c7ded-eb9f-48e6-a13e-f94cb67cc6ed" testListId="8c84fa94-04c1-424b-9868-57a2d4851a1d" />
    <TestEntry testId="25657d48-6f5b-42c2-a72d-12a43a9cdc28" executionId="3d639a5b-143a-42b4-9367-6b3eda2a9c0d" testListId="8c84fa94-04c1-424b-9868-57a2d4851a1d" />
    <TestEntry testId="4ef90ddf-c1a0-4a4b-bc49-50be52e53369" executionId="d9cc7032-1ce4-45e5-abfb-581f351e31e3" testListId="8c84fa94-04c1-424b-9868-57a2d4851a1d" />
    <TestEntry testId="95806732-9138-4463-ac90-04e670690059" executionId="7cf7c0a0-8ccd-4025-a4a3-0e44eb802bc1" testListId="8c84fa94-04c1-424b-9868-57a2d4851a1d" />
    <TestEntry testId="bef2ff93-cf0a-4ee0-b62a-32ebb82d2792" executionId="3dc92529-200c-44cb-8b8a-05952ab464ae" testListId="8c84fa94-04c1-424b-9868-57a2d4851a1d" />
    <TestEntry testId="ee21bcbb-3164-4138-9aa9-3a40f9a2c35e" executionId="581c31a3-a691-4ed4-a6fe-ecb37c95d424" testListId="8c84fa94-04c1-424b-9868-57a2d4851a1d" />
    <TestEntry testId="6c7efc14-5a74-452b-bc00-4b9e3c6111be" executionId="93c6bfdc-d581-4e67-b987-59b20272fc1e" testListId="8c84fa94-04c1-424b-9868-57a2d4851a1d" />
    <TestEntry testId="4b70f1fe-15a4-481a-8e0e-c404b197af9f" executionId="1dd5db24-bf68-42de-963f-07fa81b8b571" testListId="8c84fa94-04c1-424b-9868-57a2d4851a1d" />
    <TestEntry testId="645c16da-48de-498b-b83a-13d2fc33a54c" executionId="c20126e5-1eff-4b5a-9b62-02e94896c0f8" testListId="8c84fa94-04c1-424b-9868-57a2d4851a1d" />
    <TestEntry testId="940b4045-de0f-4883-ba75-65393842900f" executionId="16729878-e622-4b40-9dc2-ddd2829f025c" testListId="8c84fa94-04c1-424b-9868-57a2d4851a1d" />
    <TestEntry testId="e4956c92-1746-4461-95a2-5c6bcb4a27c4" executionId="f202862f-ce28-46ff-85d8-cdea32088e6a" testListId="8c84fa94-04c1-424b-9868-57a2d4851a1d" />
    <TestEntry testId="bbb2f3a2-dc96-46e1-9282-91a83d0883ce" executionId="b2bba14b-696a-416a-855b-4854b2989e96" testListId="8c84fa94-04c1-424b-9868-57a2d4851a1d" />
    <TestEntry testId="943b6ab9-968c-406f-8ca1-996f7ec1268f" executionId="6f0429a9-3495-49ef-86f5-a57bcce9ebdc" testListId="8c84fa94-04c1-424b-9868-57a2d4851a1d" />
    <TestEntry testId="109373fd-4453-41e9-a74f-ed2ca4a1ed69" executionId="161fdc1b-99fb-41b2-a73c-b5fca7d1e52e" testListId="8c84fa94-04c1-424b-9868-57a2d4851a1d" />
    <TestEntry testId="5c9f6b60-731f-4512-898b-07b840bf80cf" executionId="e9cf4d8c-406f-4a07-b891-d07ccaac6c17" testListId="8c84fa94-04c1-424b-9868-57a2d4851a1d" />
    <TestEntry testId="8b333e5a-ad3c-44ed-b044-e1033a52fd51" executionId="3fb427cd-ce9b-4e27-a396-f2fcb1cc6b4b" testListId="8c84fa94-04c1-424b-9868-57a2d4851a1d" />
    <TestEntry testId="a57085f6-031a-428b-9d7c-2a0abb62ec06" executionId="ec2ecc4d-24f6-4229-983e-4285888f2d19" testListId="8c84fa94-04c1-424b-9868-57a2d4851a1d" />
    <TestEntry testId="8af50b39-1dd0-4cfb-b491-6721f0524388" executionId="c1aa9c9b-9dbb-43f6-95c4-d3bab8829b7f" testListId="8c84fa94-04c1-424b-9868-57a2d4851a1d" />
    <TestEntry testId="0238ff0b-7172-457a-856b-39682f2b1d46" executionId="a1f66929-d5de-4aa2-8782-55c935cb66ff" testListId="8c84fa94-04c1-424b-9868-57a2d4851a1d" />
    <TestEntry testId="d844ffc9-b4a7-47aa-843b-17a1cb66dd04" executionId="f27a1c65-680e-4d9c-817f-d538892d5127" testListId="8c84fa94-04c1-424b-9868-57a2d4851a1d" />
    <TestEntry testId="f2fc3559-2b1b-4c27-8cb8-01355e4bc49e" executionId="8718d292-54a0-4db4-8a4c-dad0800ebc8d" testListId="8c84fa94-04c1-424b-9868-57a2d4851a1d" />
    <TestEntry testId="38280282-2326-461a-bc77-9f3a45b724f1" executionId="5b816b84-a896-4dcc-a9d2-c6e6452a0e79" testListId="8c84fa94-04c1-424b-9868-57a2d4851a1d" />
    <TestEntry testId="18d3847f-4a21-4028-b885-59efaa7251ea" executionId="4bb85add-00d7-40d8-a325-5d3e118cde8d" testListId="8c84fa94-04c1-424b-9868-57a2d4851a1d" />
    <TestEntry testId="8c805a70-ea35-452e-9d47-c8b5da5118f2" executionId="77d05457-4ea2-4ae3-a9fc-5487d2db5bcb" testListId="8c84fa94-04c1-424b-9868-57a2d4851a1d" />
    <TestEntry testId="4dcf01a9-5733-4ced-8756-171ea44ad8a6" executionId="5c833863-b653-45fc-8f0f-8b9d2213c7de" testListId="8c84fa94-04c1-424b-9868-57a2d4851a1d" />
    <TestEntry testId="5c81b1ac-9134-4029-b66f-5606dc927959" executionId="2c2c4154-2501-448d-b75e-ff2275f3d75f" testListId="8c84fa94-04c1-424b-9868-57a2d4851a1d" />
    <TestEntry testId="deed3dd6-87c6-4ca3-8df2-3761d3ceec2b" executionId="8edef8ce-66d5-43ec-a2d4-5d861fbd7a42" testListId="8c84fa94-04c1-424b-9868-57a2d4851a1d" />
    <TestEntry testId="2f5ae433-6342-4b64-b3eb-cb3b077f64bb" executionId="adf236f0-99e9-4b1c-93e5-fc5b03335100" testListId="8c84fa94-04c1-424b-9868-57a2d4851a1d" />
    <TestEntry testId="802e4743-396d-4e0b-b282-8ba81e019b0c" executionId="eebc6db2-d345-40e5-9278-2621233a4c71" testListId="8c84fa94-04c1-424b-9868-57a2d4851a1d" />
    <TestEntry testId="7c439ed7-0d2b-48ce-b727-c048b6a0fdcd" executionId="3d43ff30-be5e-4cb7-86e3-cb7ccf523aeb" testListId="8c84fa94-04c1-424b-9868-57a2d4851a1d" />
    <TestEntry testId="7cd115b8-f2f5-4fdb-85ba-c5afdf63f703" executionId="406a5340-4a64-4867-95e7-e442209acb7c" testListId="8c84fa94-04c1-424b-9868-57a2d4851a1d" />
    <TestEntry testId="2a346546-c19c-4283-ac33-9582d4446931" executionId="3fe396e6-b101-4593-9c91-a2de7f4b885c" testListId="8c84fa94-04c1-424b-9868-57a2d4851a1d" />
    <TestEntry testId="cc609c98-8778-4360-86c9-0c2cd41f5d3b" executionId="a9dfb04d-35db-4ca5-bc9e-7f43296c0e9b" testListId="8c84fa94-04c1-424b-9868-57a2d4851a1d" />
    <TestEntry testId="a551d9ab-0e52-489c-a2f6-fc35d7e7af45" executionId="9422de32-9a1a-4dee-b69e-5fd6e5990d3c" testListId="8c84fa94-04c1-424b-9868-57a2d4851a1d" />
    <TestEntry testId="0a0f1e69-89f1-4e10-a5e5-808c32765d02" executionId="52eeca0f-f29e-45eb-8614-b329ca43617e" testListId="8c84fa94-04c1-424b-9868-57a2d4851a1d" />
    <TestEntry testId="ee0913f1-0c0e-410c-8828-88284a4453bb" executionId="8808cb0c-46c3-4b42-b22a-88f1db63572f" testListId="8c84fa94-04c1-424b-9868-57a2d4851a1d" />
    <TestEntry testId="7042bb5d-a516-486c-80b6-51db825603e8" executionId="07c09866-f1d4-4430-b01d-38066751571b" testListId="8c84fa94-04c1-424b-9868-57a2d4851a1d" />
    <TestEntry testId="b0061de4-9b28-49aa-bc32-5d3073a5de2a" executionId="c1fd9bca-d39e-48f6-bf4a-89fae8482abd" testListId="8c84fa94-04c1-424b-9868-57a2d4851a1d" />
    <TestEntry testId="882c13af-d85f-438d-a861-ebe6d4f436ab" executionId="50e1070f-ec8c-45b9-b17f-197b3e9acf68" testListId="8c84fa94-04c1-424b-9868-57a2d4851a1d" />
    <TestEntry testId="15770cfc-ba63-4513-8780-1725739bdb6e" executionId="473af93b-d586-45f0-9205-9b6742191697" testListId="8c84fa94-04c1-424b-9868-57a2d4851a1d" />
    <TestEntry testId="51aec637-c5de-43c3-a5d4-cbbda8bd2dee" executionId="49868aa5-8de2-4039-878f-033924c8c01f" testListId="8c84fa94-04c1-424b-9868-57a2d4851a1d" />
    <TestEntry testId="5cad128d-dd7e-41ae-becc-90423704abff" executionId="4fedbda5-424d-4468-b354-4109ec1038d9" testListId="8c84fa94-04c1-424b-9868-57a2d4851a1d" />
    <TestEntry testId="908f0815-9301-4e9b-99ad-73ad7edbedcb" executionId="dafc091f-f45e-4c26-a8b4-95166f2cb627" testListId="8c84fa94-04c1-424b-9868-57a2d4851a1d" />
    <TestEntry testId="a1287f03-afd6-4e41-a066-ab1f5b74c791" executionId="af2dbc5f-09ae-4111-a551-cf062b0d4389" testListId="8c84fa94-04c1-424b-9868-57a2d4851a1d" />
    <TestEntry testId="2fd4a665-9993-4420-b1c2-2364f6984074" executionId="e412a817-28ea-4c93-a586-1ec7a9fb9990" testListId="8c84fa94-04c1-424b-9868-57a2d4851a1d" />
    <TestEntry testId="67382ba5-afaf-4ee7-88f8-ed3b1a8ca316" executionId="b5a25285-bee5-4535-b18e-fa730d688851" testListId="8c84fa94-04c1-424b-9868-57a2d4851a1d" />
    <TestEntry testId="28d7d230-8db6-4dab-a190-1f6ec98bba8d" executionId="dd1c1c94-3d28-4b63-886c-50809edb50ff" testListId="8c84fa94-04c1-424b-9868-57a2d4851a1d" />
    <TestEntry testId="0187fdac-6883-4852-98d8-6b325fd9f934" executionId="1efd41e2-1242-429d-a0d3-d2b16dba54d3" testListId="8c84fa94-04c1-424b-9868-57a2d4851a1d" />
    <TestEntry testId="2b9dcc93-1a10-4ae4-8413-bcfabccf0f92" executionId="67040531-f338-46ab-a5c5-9d70fdaa3754" testListId="8c84fa94-04c1-424b-9868-57a2d4851a1d" />
    <TestEntry testId="3092770b-559f-4476-a954-2d1cd66c83aa" executionId="8680738f-8ca4-42a4-ae32-013c379b4ebe" testListId="8c84fa94-04c1-424b-9868-57a2d4851a1d" />
    <TestEntry testId="79ecac5e-d45e-4174-90d6-786a143396e9" executionId="00492939-055c-4038-be15-1f2f82943433" testListId="8c84fa94-04c1-424b-9868-57a2d4851a1d" />
    <TestEntry testId="6191f45d-4bfc-48a5-810f-5112ac6b748a" executionId="bea80154-a2c9-46b4-b255-1e7eb22bd8a0" testListId="8c84fa94-04c1-424b-9868-57a2d4851a1d" />
    <TestEntry testId="560aced9-69c4-4680-9247-4f62b9542d02" executionId="47453278-ec49-4ab1-8418-6f992b12c7af" testListId="8c84fa94-04c1-424b-9868-57a2d4851a1d" />
    <TestEntry testId="f27460dc-b777-4b6c-b23c-2b95786ef965" executionId="3797a932-c097-4e5c-87fc-d8a1869295ab" testListId="8c84fa94-04c1-424b-9868-57a2d4851a1d" />
    <TestEntry testId="174da9fa-3c7d-4833-b02a-56d464b33366" executionId="d1c6abb8-eec9-4272-84d0-acd5e5215233" testListId="8c84fa94-04c1-424b-9868-57a2d4851a1d" />
    <TestEntry testId="74b13c6b-aa43-4ce6-90c4-c472fe6118ed" executionId="3ba7ca3f-f31b-4d22-8a66-b83b2109b188" testListId="8c84fa94-04c1-424b-9868-57a2d4851a1d" />
    <TestEntry testId="c8b8348f-3b3c-4f71-8830-4bf4b701cf78" executionId="b38a07e0-13cb-4548-a464-98104350a412" testListId="8c84fa94-04c1-424b-9868-57a2d4851a1d" />
    <TestEntry testId="c9f505e7-9235-4558-a28a-abbf12e021dd" executionId="7d4a0ec7-7990-4794-9334-81cac60b448b" testListId="8c84fa94-04c1-424b-9868-57a2d4851a1d" />
    <TestEntry testId="978aaecc-88e4-4442-822a-a42ad0de8a1f" executionId="7930023c-4323-4de2-bf66-7d44e7425300" testListId="8c84fa94-04c1-424b-9868-57a2d4851a1d" />
    <TestEntry testId="3c7de413-1b41-4e43-a576-12275f0a99e2" executionId="3fe47e69-4a50-4433-bc2e-2c4b60fdf07d" testListId="8c84fa94-04c1-424b-9868-57a2d4851a1d" />
    <TestEntry testId="3338b22e-18be-495a-922c-ecaca7299c96" executionId="1e59c268-a990-4e2c-b867-d8353ff83525" testListId="8c84fa94-04c1-424b-9868-57a2d4851a1d" />
    <TestEntry testId="1d6ec707-0d7a-495c-8849-1faa425a0368" executionId="72fe8a06-b2e6-4474-99f0-f288bfe2a602" testListId="8c84fa94-04c1-424b-9868-57a2d4851a1d" />
    <TestEntry testId="df77f45d-0a19-4299-aa72-1ec9d9b5369b" executionId="f71308ad-d372-4b19-abd3-4d2c3e4bc9df" testListId="8c84fa94-04c1-424b-9868-57a2d4851a1d" />
  </TestEntries>
  <TestLists>
    <TestList name="Results Not in a List" id="8c84fa94-04c1-424b-9868-57a2d4851a1d" />
    <TestList name="All Loaded Results" id="19431567-8539-422a-85d7-44ee4e166bda" />
  </TestLists>
  <ResultSummary outcome="Failed">
    <Counters total="265" executed="265" passed="264" failed="1" error="0" timeout="0" aborted="0" inconclusive="0" passedButRunAborted="0" notRunnable="0" notExecuted="0" disconnected="0" warning="0" completed="0" inProgress="0" pending="0" />
  </ResultSummary>
</TestRun>